
Package hyperref Warning: Rerun to get /PageLabels entry.

*geometry* driver: auto-detecting
*geometry* detected driver: dvips

Package caption Warning: \caption will not be redefined since it's already
(caption)                redefined by a document class or package which is
(caption)                unknown to the caption package.
See the caption package documentation for explanation.


! LaTeX Error: File `../Ch-Table/Ch-Table.tex' not found.

Type X to quit or <RETURN> to proceed,
or enter new name. (Default extension: tex)


! LaTeX Error: File `../Ch-Table/Ch-TableProblems.tex' not found.

Type X to quit or <RETURN> to proceed,
or enter new name. (Default extension: tex)


Package bibentry Warning: You have used \nobibliography* 
(bibentry)                without a following \bibliography.
(bibentry)                You may not be able to run BibTeX.


Package movie15 Warning: @@@@@@@@@@@@@@@@@@@@@@@@@@@@@@@@@@@@@@@
(movie15)                @@ Package `movie15' is obsolete and @@
(movie15)                @@ superseded by `media9'.           @@
(movie15)                @@@@@@@@@@@@@@@@@@@@@@@@@@@@@@@@@@@@@@@.


Package rerunfilecheck Warning: File `main.out' has changed.
(rerunfilecheck)                Rerun to get outlines right
(rerunfilecheck)                or use package `bookmark'.


LaTeX Font Warning: Size substitutions with differences
(Font)              up to 0.88pt have occurred.


LaTeX Font Warning: Some font shapes were not available, defaults substituted.

