This is pdfTeX, Version 3.14159265-2.6-1.40.17 (TeX Live 2016) (preloaded format=pdflatex 2016.5.22)  5 DEC 2024 18:11
entering extended mode
 \write18 enabled.
 file:line:error style messages enabled.
 %&-line parsing enabled.
**Problems-Reactivity-of-organic-compounds
(./Problems-Reactivity-of-organic-compounds
LaTeX2e <2016/03/31>
Babel <3.9r> and hyphenation patterns for 83 language(s) loaded.

./Problems-Reactivity-of-organic-compounds:3: LaTeX Error: Environment question
 undefined.

See the LaTeX manual or LaTeX Companion for explanation.
Type  H <return>  for immediate help.
 ...                                              
                                                  
l.3 \begin{question}
                    [ID=\the\value{numA}]\SetQuestionProperties{section-titl...

? 
./Problems-Reactivity-of-organic-compounds:3: Emergency stop.
 ...                                              
                                                  
l.3 \begin{question}
                    [ID=\the\value{numA}]\SetQuestionProperties{section-titl...

Your command was ignored.
Type  I <command> <return>  to replace it with another command,
or  <return>  to continue without it.

 
Here is how much of TeX's memory you used:
 7 strings out of 493014
 398 string characters out of 6133351
 53601 words of memory out of 5000000
 3649 multiletter control sequences out of 15000+600000
 3640 words of font info for 14 fonts, out of 8000000 for 9000
 1141 hyphenation exceptions out of 8191
 5i,0n,4p,146b,16s stack positions out of 5000i,500n,10000p,200000b,80000s
./Problems-Reactivity-of-organic-compounds:3:  ==> Fatal error occurred, no out
put PDF file produced!
