This is pdfTeX, Version 3.14159265-2.6-1.40.17 (TeX Live 2016) (preloaded format=pdflatex 2016.5.22)  17 JUL 2021 13:25
entering extended mode
 \write18 enabled.
 file:line:error style messages enabled.
 %&-line parsing enabled.
**Ch-electronicstructure.tex
(./Ch-electronicstructure.tex
LaTeX2e <2016/03/31>
Babel <3.9r> and hyphenation patterns for 83 language(s) loaded.

./Ch-electronicstructure.tex:1: LaTeX Error: No counter 'figurenewcounter' defi
ned.

See the LaTeX manual or LaTeX Companion for explanation.
Type  H <return>  for immediate help.
 ...                                              
                                                  
l.1 ...cstructure}\setcounter{figurenewcounter}{0}
                                                  \setcounter{tablenewcounte...

? 
./Ch-electronicstructure.tex:1: Emergency stop.
 ...                                              
                                                  
l.1 ...cstructure}\setcounter{figurenewcounter}{0}
                                                  \setcounter{tablenewcounte...

Your command was ignored.
Type  I <command> <return>  to replace it with another command,
or  <return>  to continue without it.

 
Here is how much of TeX's memory you used:
 8 strings out of 493014
 363 string characters out of 6133351
 53601 words of memory out of 5000000
 3650 multiletter control sequences out of 15000+600000
 3640 words of font info for 14 fonts, out of 8000000 for 9000
 1141 hyphenation exceptions out of 8191
 7i,0n,6p,192b,14s stack positions out of 5000i,500n,10000p,200000b,80000s
./Ch-electronicstructure.tex:1:  ==> Fatal error occurred, no output PDF file p
roduced!
