\BOOKMARK [0][-]{chapter.1}{\376\377\000O\000r\000g\000a\000n\000i\000c\000\040\000C\000h\000e\000m\000i\000s\000t\000r\000y\000\040}{}% 1
\BOOKMARK [1][-]{section.1.1}{\376\377\000O\000r\000g\000a\000n\000i\000c\000\040\000a\000n\000d\000\040\000n\000o\000n\000-\000o\000r\000g\000a\000n\000i\000c\000\040\000c\000o\000m\000p\000o\000u\000n\000d\000s}{chapter.1}% 2
\BOOKMARK [1][-]{section.1.2}{\376\377\000A\000l\000k\000a\000n\000e\000s}{chapter.1}% 3
\BOOKMARK [1][-]{section.1.3}{\376\377\000C\000y\000c\000l\000o\000a\000l\000k\000a\000n\000e\000s}{chapter.1}% 4
\BOOKMARK [1][-]{section.1.4}{\376\377\000A\000l\000k\000a\000n\000e\000s\000\040\000w\000i\000t\000h\000\040\000s\000u\000b\000s\000t\000i\000t\000u\000e\000n\000t\000s}{chapter.1}% 5
\BOOKMARK [1][-]{section.1.5}{\376\377\000C\000y\000c\000l\000o\000a\000l\000k\000a\000n\000e\000s\000\040\000w\000i\000t\000h\000\040\000s\000u\000b\000s\000t\000i\000t\000u\000e\000n\000t\000s}{chapter.1}% 6
\BOOKMARK [1][-]{section.1.6}{\376\377\000M\000o\000l\000e\000c\000u\000l\000a\000r\000\040\000d\000i\000v\000e\000r\000s\000i\000t\000y}{chapter.1}% 7
\BOOKMARK [1][-]{section.1.7}{\376\377\000A\000r\000o\000m\000a\000t\000i\000c\000\040\000h\000y\000d\000r\000o\000c\000a\000r\000b\000o\000n\000s}{chapter.1}% 8
\BOOKMARK [1][-]{section.1.8}{\376\377\000A\000l\000k\000e\000n\000e\000s\000\040\000a\000n\000d\000\040\000a\000l\000k\000y\000n\000e\000s}{chapter.1}% 9
\BOOKMARK [1][-]{section.1.9}{\376\377\000N\000a\000m\000i\000n\000g\000\040\000o\000f\000\040\000h\000y\000d\000r\000o\000c\000a\000r\000b\000o\000n\000\040\000d\000e\000r\000i\000v\000a\000t\000i\000v\000e\000s}{chapter.1}% 10
\BOOKMARK [1][-]{section.1.10}{\376\377\000R\000e\000a\000c\000t\000i\000v\000i\000t\000y\000\040\000o\000f\000\040\000o\000r\000g\000a\000n\000i\000c\000\040\000c\000o\000m\000p\000o\000u\000n\000d\000s}{chapter.1}% 11
\BOOKMARK [0][-]{chapter.2}{\376\377\000P\000h\000y\000s\000i\000c\000a\000l\000\040\000p\000r\000o\000p\000e\000r\000t\000i\000e\000s\000\040\000o\000f\000\040\000s\000o\000l\000u\000t\000i\000o\000n\000s}{}% 12
\BOOKMARK [1][-]{section.2.1}{\376\377\000S\000o\000l\000u\000t\000i\000o\000n\000s\000\040\000a\000n\000d\000\040\000c\000o\000l\000l\000o\000i\000d\000s}{chapter.2}% 13
\BOOKMARK [1][-]{section.2.2}{\376\377\000U\000n\000i\000t\000s\000\040\000o\000f\000\040\000c\000o\000n\000c\000e\000n\000t\000r\000a\000t\000i\000o\000n}{chapter.2}% 14
\BOOKMARK [1][-]{section.2.3}{\376\377\000R\000e\000l\000a\000t\000i\000n\000g\000\040\000u\000n\000i\000t\000s\000\040\000o\000f\000\040\000c\000o\000n\000c\000e\000n\000t\000r\000a\000t\000i\000o\000n}{chapter.2}% 15
\BOOKMARK [1][-]{section.2.4}{\376\377\000S\000o\000l\000u\000t\000i\000o\000n\000s\000\040\000o\000f\000\040\000e\000l\000e\000c\000t\000r\000o\000l\000y\000t\000e\000s\000\040\000a\000n\000d\000\040\000e\000f\000f\000e\000c\000t\000i\000v\000e\000\040\000s\000o\000l\000u\000t\000e\000\040\000p\000a\000r\000t\000i\000c\000l\000e\000s}{chapter.2}% 16
\BOOKMARK [1][-]{section.2.5}{\376\377\000C\000o\000l\000l\000i\000g\000a\000t\000i\000v\000e\000\040\000p\000r\000o\000p\000e\000r\000t\000i\000e\000s}{chapter.2}% 17
\BOOKMARK [1][-]{section.2.6}{\376\377\000A\000p\000p\000l\000i\000c\000a\000t\000i\000o\000n\000\040\000o\000f\000\040\000c\000o\000l\000l\000i\000g\000a\000t\000i\000v\000e\000\040\000p\000r\000o\000p\000e\000r\000t\000i\000e\000s}{chapter.2}% 18
\BOOKMARK [1][-]{section.2.7}{\376\377\000I\000d\000e\000a\000l\000\040\000a\000n\000d\000\040\000r\000e\000a\000l\000\040\000s\000o\000l\000u\000t\000i\000o\000n\000s}{chapter.2}% 19
\BOOKMARK [1][-]{section.2.8}{\376\377\000F\000a\000c\000t\000o\000r\000s\000\040\000a\000f\000f\000e\000c\000t\000i\000n\000g\000\040\000t\000h\000e\000\040\000s\000o\000l\000u\000b\000i\000l\000i\000t\000y\000\040\000o\000f\000\040\000s\000o\000l\000i\000d\000s\000\040\000a\000n\000d\000\040\000g\000a\000s\000e\000s}{chapter.2}% 20
\BOOKMARK [1][-]{section.2.9}{\376\377\000E\000n\000t\000h\000a\000l\000p\000y\000\040\000o\000f\000\040\000s\000o\000l\000u\000t\000i\000o\000n}{chapter.2}% 21
\BOOKMARK [0][-]{chapter.3}{\376\377\000C\000h\000e\000m\000i\000c\000a\000l\000\040\000k\000i\000n\000e\000t\000i\000c\000s}{}% 22
\BOOKMARK [1][-]{section.3.1}{\376\377\000R\000a\000t\000e\000\040\000o\000f\000\040\000r\000e\000a\000c\000t\000i\000o\000n}{chapter.3}% 23
\BOOKMARK [1][-]{section.3.2}{\376\377\000R\000a\000t\000e\000\040\000l\000a\000w}{chapter.3}% 24
\BOOKMARK [1][-]{section.3.3}{\376\377\000T\000h\000e\000\040\000d\000i\000f\000f\000e\000r\000e\000n\000t\000i\000a\000l\000\040\000a\000n\000d\000\040\000i\000n\000t\000e\000g\000r\000a\000l\000\040\000m\000e\000t\000h\000o\000d\000s\000\040\000f\000o\000r\000\040\000o\000b\000t\000a\000i\000n\000i\000n\000g\000\040\000r\000a\000t\000e\000\040\000l\000a\000w\000s}{chapter.3}% 25
\BOOKMARK [1][-]{section.3.4}{\376\377\000b\000l\000u\000e\000!\0003\0000\000!\000b\000l\000a\000c\000k\000C\000o\000l\000l\000i\000s\000i\000o\000n\000\040\000t\000h\000e\000o\000r\000y}{chapter.3}% 26
\BOOKMARK [1][-]{section.3.5}{\376\377\000U\000s\000e\000\040\000o\000f\000\040\000e\000n\000e\000r\000g\000y\000\040\000d\000i\000a\000g\000r\000a\000m\000s}{chapter.3}% 27
\BOOKMARK [1][-]{section.3.6}{\376\377\000T\000h\000e\000\040\000A\000r\000r\000h\000e\000n\000i\000u\000s\000\040\000e\000q\000u\000a\000t\000i\000o\000n}{chapter.3}% 28
\BOOKMARK [1][-]{section.3.7}{\376\377\000R\000e\000a\000c\000t\000i\000o\000n\000\040\000m\000e\000c\000h\000a\000n\000i\000s\000m\000s}{chapter.3}% 29
\BOOKMARK [0][-]{chapter.4}{\376\377\000C\000h\000e\000m\000i\000c\000a\000l\000\040\000e\000q\000u\000i\000l\000i\000b\000r\000i\000u\000m}{}% 30
\BOOKMARK [1][-]{section.4.1}{\376\377\000C\000h\000e\000m\000i\000c\000a\000l\000\040\000E\000q\000u\000i\000l\000i\000b\000r\000i\000u\000m}{chapter.4}% 31
\BOOKMARK [1][-]{section.4.2}{\376\377\000T\000h\000e\000\040\000e\000q\000u\000i\000l\000i\000b\000r\000i\000u\000m\000\040\000c\000o\000n\000s\000t\000a\000n\000t}{chapter.4}% 32
\BOOKMARK [1][-]{section.4.3}{\376\377\000\040\000U\000s\000i\000n\000g\000\040\000e\000q\000u\000i\000l\000i\000b\000r\000i\000u\000m\000\040\000c\000o\000n\000s\000t\000a\000n\000t\000s}{chapter.4}% 33
\BOOKMARK [1][-]{section.4.4}{\376\377\000\040\000C\000o\000n\000c\000e\000n\000t\000r\000a\000t\000i\000o\000n\000\040\000o\000r\000\040\000p\000r\000e\000s\000s\000u\000r\000e\000\040\000r\000a\000t\000i\000o}{chapter.4}% 34
\BOOKMARK [1][-]{section.4.5}{\376\377\000L\000e\000\040\000C\000h\000a\000t\000e\000l\000i\000e\000r\000\040\000p\000r\000i\000n\000c\000i\000p\000l\000e}{chapter.4}% 35
\BOOKMARK [0][-]{chapter.5}{\376\377\000A\000c\000i\000d\000s\000\040\000\046\000\040\000B\000a\000s\000e\000s\000\040}{}% 36
\BOOKMARK [1][-]{section.5.1}{\376\377\000T\000h\000e\000\040\000n\000a\000t\000u\000r\000e\000\040\000o\000f\000\040\000a\000c\000i\000d\000s\000\040\000a\000n\000d\000\040\000B\000a\000s\000e\000s}{chapter.5}% 37
\BOOKMARK [1][-]{section.5.2}{\376\377\000D\000i\000s\000s\000o\000c\000i\000a\000t\000i\000o\000n\000\040\000o\000f\000\040\000a\000c\000i\000d\000s\000\040\000a\000n\000d\000\040\000b\000a\000s\000e\000s}{chapter.5}% 38
\BOOKMARK [1][-]{section.5.3}{\376\377\000S\000t\000r\000e\000n\000g\000t\000h\000\040\000o\000f\000\040\000a\000c\000i\000d\000s\000\040\000a\000n\000d\000\040\000b\000a\000s\000e\000s}{chapter.5}% 39
\BOOKMARK [1][-]{section.5.4}{\376\377\000T\000h\000e\000\040\000P\000H\000\040\000s\000c\000a\000l\000e}{chapter.5}% 40
\BOOKMARK [1][-]{section.5.5}{\376\377\000P\000H\000\040\000o\000f\000\040\000s\000t\000r\000o\000n\000g\000\040\000a\000c\000i\000d\000-\000b\000a\000s\000e\000\040\000s\000o\000l\000u\000t\000i\000o\000n\000s}{chapter.5}% 41
\BOOKMARK [1][-]{section.5.6}{\376\377\000P\000H\000\040\000o\000f\000\040\000w\000e\000a\000k\000\040\000a\000c\000i\000d\000-\000b\000a\000s\000e\000\040\000s\000o\000l\000u\000t\000i\000o\000n\000s}{chapter.5}% 42
\BOOKMARK [1][-]{section.5.7}{\376\377\000M\000a\000t\000h\000\040\000i\000n\000t\000e\000r\000l\000u\000d\000e\000:\000\040\000h\000o\000w\000\040\000t\000o\000\040\000s\000o\000l\000v\000e\000\040\000q\000u\000a\000d\000r\000a\000t\000i\000c\000\040\000e\000q\000u\000a\000t\000i\000o\000n\000s}{chapter.5}% 43
\BOOKMARK [1][-]{section.5.8}{\376\377\000B\000u\000f\000f\000e\000r\000\040\000s\000o\000l\000u\000t\000i\000o\000n\000s}{chapter.5}% 44
\BOOKMARK [1][-]{section.5.9}{\376\377\000T\000i\000t\000r\000a\000t\000i\000o\000n\000s}{chapter.5}% 45
\BOOKMARK [1][-]{section.5.10}{\376\377\000T\000i\000t\000r\000a\000t\000i\000o\000n\000s\000\040\000c\000u\000r\000v\000e\000s}{chapter.5}% 46
\BOOKMARK [1][-]{section.5.11}{\376\377\000Q\000u\000a\000n\000t\000i\000t\000a\000t\000i\000v\000e\000\040\000a\000n\000a\000l\000y\000s\000i\000s\000\040\000o\000f\000\040\000a\000\040\000t\000i\000t\000r\000a\000t\000i\000o\000n}{chapter.5}% 47
\BOOKMARK [1][-]{section.5.12}{\376\377\000B\000l\000o\000o\000d\000\040\000a\000s\000\040\000a\000\040\000b\000u\000f\000f\000e\000r}{chapter.5}% 48
\BOOKMARK [1][-]{section.5.13}{\376\377\000M\000o\000l\000e\000c\000u\000l\000a\000r\000\040\000m\000e\000c\000h\000a\000n\000i\000s\000m\000s\000\040\000b\000e\000h\000i\000n\000d\000\040\000a\000c\000i\000d\000-\000b\000a\000s\000e\000\040\000s\000t\000r\000e\000n\000g\000t\000h}{chapter.5}% 49
\BOOKMARK [1][-]{section.5.14}{\376\377\000I\000n\000d\000i\000c\000a\000t\000o\000r\000s}{chapter.5}% 50
\BOOKMARK [1][-]{section.5.15}{\376\377\000T\000i\000t\000r\000a\000t\000i\000o\000n\000s\000\040\000o\000f\000\040\000p\000o\000l\000y\000p\000r\000o\000t\000i\000c\000\040\000a\000c\000i\000d\000s}{chapter.5}% 51
\BOOKMARK [0][-]{chapter.6}{\376\377\000S\000o\000l\000u\000b\000i\000l\000i\000t\000y\000\040\000e\000q\000u\000i\000l\000i\000b\000r\000i\000a\000\040}{}% 52
\BOOKMARK [1][-]{section.6.1}{\376\377\000S\000o\000l\000u\000b\000i\000l\000i\000t\000y\000\040}{chapter.6}% 53
\BOOKMARK [1][-]{section.6.2}{\376\377\000S\000o\000l\000u\000b\000i\000l\000i\000t\000y\000\040\000e\000q\000u\000i\000l\000i\000b\000r\000i\000u\000m\000\040}{chapter.6}% 54
\BOOKMARK [1][-]{section.6.3}{\376\377\000S\000o\000l\000u\000b\000i\000l\000i\000t\000y\000\040\000p\000r\000o\000d\000u\000c\000t}{chapter.6}% 55
\BOOKMARK [1][-]{section.6.4}{\376\377\000P\000r\000e\000d\000i\000c\000t\000i\000n\000g\000\040\000p\000r\000e\000c\000i\000p\000i\000t\000a\000t\000i\000o\000n\000\040}{chapter.6}% 56
\BOOKMARK [1][-]{section.6.5}{\376\377\000b\000l\000u\000e\000!\0003\0000\000!\000b\000l\000a\000c\000k\000S\000o\000l\000u\000b\000i\000l\000i\000t\000y\000\040\000a\000n\000d\000\040\000K\000s\000p}{chapter.6}% 57
\BOOKMARK [1][-]{section.6.6}{\376\377\000b\000l\000u\000e\000!\0003\0000\000!\000b\000l\000a\000c\000k\000S\000o\000l\000u\000b\000i\000l\000i\000t\000y\000\040\000,\000\040\000P\000H\000\040\000a\000n\000d\000\040\000c\000o\000m\000m\000o\000n\000\040\000i\000o\000n\000\040\000e\000f\000f\000e\000c\000t}{chapter.6}% 58
\BOOKMARK [1][-]{section.6.7}{\376\377\000b\000l\000u\000e\000!\0003\0000\000!\000b\000l\000a\000c\000k\000P\000r\000e\000d\000i\000c\000t\000i\000n\000g\000\040\000p\000r\000e\000c\000i\000p\000i\000t\000a\000t\000i\000o\000n\000\040\000f\000r\000o\000m\000\040\000m\000i\000x\000t\000u\000r\000e\000s\000\040\000a\000n\000d\000\040\000s\000o\000l\000u\000t\000i\000o\000n\000s}{chapter.6}% 59
\BOOKMARK [0][-]{chapter.7}{\376\377\000E\000n\000t\000r\000o\000p\000y\000\040\000a\000n\000d\000\040\000f\000r\000e\000e\000\040\000e\000n\000e\000r\000g\000y}{}% 60
\BOOKMARK [1][-]{section.7.1}{\376\377\000S\000p\000o\000n\000t\000a\000n\000e\000i\000t\000y}{chapter.7}% 61
\BOOKMARK [1][-]{section.7.2}{\376\377\000E\000n\000t\000r\000o\000p\000y}{chapter.7}% 62
\BOOKMARK [1][-]{section.7.3}{\376\377\000S\000t\000a\000n\000d\000a\000r\000d\000\040\000m\000o\000l\000a\000r\000\040\000e\000n\000t\000r\000o\000p\000i\000e\000s}{chapter.7}% 63
\BOOKMARK [1][-]{section.7.4}{\376\377\000C\000a\000l\000c\000u\000l\000a\000t\000i\000n\000g\000\040\000e\000n\000t\000r\000o\000p\000y\000\040\000c\000h\000a\000n\000g\000e\000s\000\040}{chapter.7}% 64
\BOOKMARK [1][-]{section.7.5}{\376\377\000C\000a\000l\000c\000u\000l\000a\000t\000i\000n\000g\000\040\000e\000n\000t\000r\000o\000p\000y\000\040\000c\000h\000a\000n\000g\000e\000s\000\040\000i\000n\000\040\000c\000h\000e\000m\000i\000c\000a\000l\000\040\000r\000e\000a\000c\000t\000i\000o\000n\000s}{chapter.7}% 65
\BOOKMARK [1][-]{section.7.6}{\376\377\000T\000h\000e\000\040\000s\000e\000c\000o\000n\000d\000\040\000a\000n\000d\000\040\000t\000h\000i\000r\000d\000\040\000l\000a\000w\000\040\000o\000f\000\040\000t\000h\000e\000r\000m\000o\000d\000y\000n\000a\000m\000i\000c\000s}{chapter.7}% 66
\BOOKMARK [1][-]{section.7.7}{\376\377\000G\000i\000b\000b\000s\000\040\000f\000r\000e\000e\000-\000e\000n\000e\000r\000g\000y}{chapter.7}% 67
\BOOKMARK [1][-]{section.7.8}{\376\377\000G\000i\000b\000b\000s\000\040\000f\000r\000e\000e\000-\000e\000n\000e\000r\000g\000y\000\040\000a\000n\000d\000\040\000e\000q\000u\000i\000l\000i\000b\000r\000i\000u\000m}{chapter.7}% 68
\BOOKMARK [1][-]{section.7.9}{\376\377\000G\000i\000b\000b\000s\000\040\000f\000r\000e\000e\000-\000e\000n\000e\000r\000g\000y\000\040\000a\000n\000d\000\040\000p\000r\000e\000s\000s\000u\000r\000e\000\040\000c\000o\000n\000d\000i\000t\000i\000o\000n\000s}{chapter.7}% 69
\BOOKMARK [0][-]{chapter.8}{\376\377\000E\000l\000e\000c\000t\000r\000o\000c\000h\000e\000m\000i\000s\000t\000r\000y}{}% 70
\BOOKMARK [1][-]{section.8.1}{\376\377\000I\000n\000t\000r\000o\000d\000u\000c\000t\000i\000o\000n\000\040\000t\000o\000\040\000g\000a\000l\000v\000a\000n\000i\000c\000\040\000c\000e\000l\000l\000s}{chapter.8}% 71
\BOOKMARK [1][-]{section.8.2}{\376\377\000S\000t\000a\000n\000d\000a\000r\000d\000\040\000r\000e\000d\000u\000c\000t\000i\000o\000n\000\040\000p\000o\000t\000e\000n\000t\000i\000a\000l\000s}{chapter.8}% 72
\BOOKMARK [1][-]{section.8.3}{\376\377\000R\000e\000d\000o\000x\000\040\000r\000e\000a\000c\000t\000i\000o\000n\000s\000\040\000i\000n\000\040\000g\000a\000l\000v\000a\000n\000i\000c\000\040\000c\000e\000l\000l\000s}{chapter.8}% 73
\BOOKMARK [1][-]{section.8.4}{\376\377\000L\000i\000n\000e\000\040\000n\000o\000t\000a\000t\000i\000o\000n\000\040\000f\000o\000r\000\040\000g\000a\000l\000v\000a\000n\000i\000c\000\040\000c\000e\000l\000l\000s}{chapter.8}% 74
\BOOKMARK [1][-]{section.8.5}{\376\377\000C\000e\000l\000l\000\040\000p\000o\000t\000e\000n\000t\000i\000a\000l\000,\000\040\000G\000i\000b\000b\000s\000\040\000f\000r\000e\000e\000\040\000e\000n\000e\000r\000g\000y\000,\000\040\000a\000n\000d\000\040\000e\000q\000u\000i\000l\000i\000b\000r\000i\000u\000m\000\040\000c\000o\000n\000s\000t\000a\000n\000t}{chapter.8}% 75
\BOOKMARK [1][-]{section.8.6}{\376\377\000E\000l\000e\000c\000t\000r\000o\000c\000h\000e\000m\000i\000c\000a\000l\000\040\000s\000e\000r\000i\000e\000s\000:\000\040\000d\000i\000s\000s\000o\000l\000v\000i\000n\000g\000\040\000m\000e\000t\000a\000l\000s\000\040\000i\000n\000\040\000a\000c\000i\000d}{chapter.8}% 76
\BOOKMARK [1][-]{section.8.7}{\376\377\000N\000e\000r\000n\000s\000t\000\040\000e\000q\000u\000a\000t\000i\000o\000n}{chapter.8}% 77
\BOOKMARK [1][-]{section.8.8}{\376\377\000E\000l\000e\000c\000t\000r\000o\000l\000y\000s\000i\000s}{chapter.8}% 78
\BOOKMARK [1][-]{section.8.9}{\376\377\000C\000o\000r\000r\000o\000s\000i\000o\000n}{chapter.8}% 79
\BOOKMARK [1][-]{section.8.10}{\376\377\000B\000a\000t\000t\000e\000r\000i\000e\000s}{chapter.8}% 80
\BOOKMARK [0][-]{chapter.9}{\376\377\000N\000u\000c\000l\000e\000a\000r\000\040\000C\000h\000e\000m\000i\000s\000t\000r\000y}{}% 81
\BOOKMARK [1][-]{section.9.1}{\376\377\000R\000a\000d\000i\000a\000t\000i\000o\000n\000,\000\040\000p\000a\000r\000t\000i\000c\000l\000e\000s\000\040\000\046\000\040\000r\000a\000d\000i\000o\000i\000s\000o\000t\000o\000p\000e\000s}{chapter.9}% 82
\BOOKMARK [1][-]{section.9.2}{\376\377\000N\000u\000c\000l\000e\000a\000r\000\040\000r\000e\000a\000c\000t\000i\000o\000n\000s}{chapter.9}% 83
\BOOKMARK [1][-]{section.9.3}{\376\377\000U\000n\000k\000n\000o\000w\000n\000\040\000i\000s\000o\000t\000o\000p\000e\000s\000\040\000i\000n\000\040\000n\000u\000c\000l\000e\000a\000r\000\040\000r\000e\000a\000c\000t\000i\000o\000n\000s}{chapter.9}% 84
\BOOKMARK [1][-]{section.9.4}{\376\377\000H\000a\000l\000f\000-\000l\000i\000f\000e\000\040\000o\000f\000\040\000a\000\040\000r\000a\000d\000i\000o\000i\000s\000o\000t\000o\000p\000e}{chapter.9}% 85
\BOOKMARK [1][-]{section.9.5}{\376\377\000R\000a\000d\000i\000a\000t\000i\000o\000n\000\040\000m\000e\000a\000s\000u\000r\000e\000m\000e\000n\000t\000,\000\040\000u\000n\000i\000t\000s\000\040\000a\000n\000d\000\040\000r\000a\000d\000i\000a\000t\000i\000o\000n\000\040\000e\000f\000f\000e\000c\000t\000s}{chapter.9}% 86
\BOOKMARK [1][-]{section.9.6}{\376\377\000R\000a\000d\000i\000a\000t\000i\000o\000n\000\040\000p\000r\000o\000t\000e\000c\000t\000i\000o\000n}{chapter.9}% 87
\BOOKMARK [1][-]{section.9.7}{\376\377\000R\000a\000d\000i\000o\000a\000c\000t\000i\000v\000e\000\040\000g\000a\000s\000e\000s\000:\000\040\000r\000a\000d\000o\000n}{chapter.9}% 88
\BOOKMARK [1][-]{section.9.8}{\376\377\000F\000u\000s\000i\000o\000n\000\040\000a\000n\000d\000\040\000f\000i\000s\000s\000i\000o\000n}{chapter.9}% 89
\BOOKMARK [0][-]{Item.1206}{\376\377\000A\000n\000s\000w\000e\000r\000s}{}% 90
