This is pdfTeX, Version 3.14159265-2.6-1.40.17 (TeX Live 2016) (preloaded format=pdflatex 2016.5.22)  30 MAY 2022 13:15
entering extended mode
 \write18 enabled.
 file:line:error style messages enabled.
 %&-line parsing enabled.
**Ch-measurementsProblems.tex
(./Ch-measurementsProblems.tex
LaTeX2e <2016/03/31>
Babel <3.9r> and hyphenation patterns for 83 language(s) loaded.
(/usr/local/texlive/2016/texmf-dist/tex/latex/subfiles/subfiles.cls
Document Class: subfiles 2012/05/23 Federico Garcia
(/usr/local/texlive/2016/texmf-dist/tex/latex/tools/verbatim.sty
Package: verbatim 2014/10/28 v1.5q LaTeX2e package for verbatim enhancements
\every@verbatim=\toks14
\verbatim@line=\toks15
\verbatim@in@stream=\read1
)
Preamble taken from file `main.tex'
(./main.tex (./tufte-book.cls
Document Class: tufte-book 2009/12/11 v3.5.0 Tufte-book class
(./tufte-common.def
File: tufte-common.def 2009/12/11 v3.5.0 Common code for the Tufte-LaTeX styles


(/usr/local/texlive/2016/texmf-dist/tex/latex/xkeyval/xkeyval.sty
Package: xkeyval 2014/12/03 v2.7a package option processing (HA)

(/usr/local/texlive/2016/texmf-dist/tex/generic/xkeyval/xkeyval.tex
(/usr/local/texlive/2016/texmf-dist/tex/generic/xkeyval/xkvutils.tex
\XKV@toks=\toks16
\XKV@tempa@toks=\toks17

(/usr/local/texlive/2016/texmf-dist/tex/generic/xkeyval/keyval.tex))
\XKV@depth=\count79
File: xkeyval.tex 2014/12/03 v2.7a key=value parser (HA)
))
(/usr/local/texlive/2016/texmf-dist/tex/latex/xifthen/xifthen.sty
Package: xifthen 2015/11/05 v1.4.0 Extended ifthen features

(/usr/local/texlive/2016/texmf-dist/tex/latex/tools/calc.sty
Package: calc 2014/10/28 v4.3 Infix arithmetic (KKT,FJ)
\calc@Acount=\count80
\calc@Bcount=\count81
\calc@Adimen=\dimen102
\calc@Bdimen=\dimen103
\calc@Askip=\skip41
\calc@Bskip=\skip42
LaTeX Info: Redefining \setlength on input line 80.
LaTeX Info: Redefining \addtolength on input line 81.
\calc@Ccount=\count82
\calc@Cskip=\skip43
)
(/usr/local/texlive/2016/texmf-dist/tex/latex/base/ifthen.sty
Package: ifthen 2014/09/29 v1.1c Standard LaTeX ifthen package (DPC)
)
(/usr/local/texlive/2016/texmf-dist/tex/latex/ifmtarg/ifmtarg.sty
Package: ifmtarg 2009/09/02 v1.2a check for an empty argument
))
Class tufte-book Info: Passing 14pt to the `book' class..
Class tufte-book Info: Passing the `twoside' option to the `book' class.
Class tufte-book Info: The `symmetric' option implies `twoside'.
Class tufte-book Info: Passing the `twoside' option to the `book' class.
Class tufte-book Info: Loading the base class `book'.

(/usr/local/texlive/2016/texmf-dist/tex/latex/base/book.cls
Document Class: book 2014/09/29 v1.4h Standard LaTeX document class
(/usr/local/texlive/2016/texmf-dist/tex/latex/base/bk10.clo
File: bk10.clo 2014/09/29 v1.4h Standard LaTeX file (size option)
)
\c@part=\count83
\c@chapter=\count84
\c@section=\count85
\c@subsection=\count86
\c@subsubsection=\count87
\c@paragraph=\count88
\c@subparagraph=\count89
\c@figure=\count90
\c@table=\count91
\abovecaptionskip=\skip44
\belowcaptionskip=\skip45
\bibindent=\dimen104
)
(/usr/local/texlive/2016/texmf-dist/tex/generic/oberdiek/ifpdf.sty
Package: ifpdf 2016/05/14 v3.1 Provides the ifpdf switch
)
(/usr/local/texlive/2016/texmf-dist/tex/generic/ifxetex/ifxetex.sty
Package: ifxetex 2010/09/12 v0.6 Provides ifxetex conditional
)
(/usr/local/texlive/2016/texmf-dist/tex/latex/titlesec/titlesec.sty
Package: titlesec 2016/03/21 v2.10.2 Sectioning titles
\ttl@box=\box26
\beforetitleunit=\skip46
\aftertitleunit=\skip47
\ttl@plus=\dimen105
\ttl@minus=\dimen106
\ttl@toksa=\toks18
\titlewidth=\dimen107
\titlewidthlast=\dimen108
\titlewidthfirst=\dimen109
)
(/usr/local/texlive/2016/texmf-dist/tex/latex/titlesec/titletoc.sty
Package: titletoc 2011/12/15 v1.6 TOC entries
\ttl@leftsep=\dimen110
)
(/usr/local/texlive/2016/texmf-dist/tex/latex/hyperref/hyperref.sty
Package: hyperref 2016/05/05 v6.83n Hypertext links for LaTeX

(/usr/local/texlive/2016/texmf-dist/tex/generic/oberdiek/hobsub-hyperref.sty
Package: hobsub-hyperref 2016/05/16 v1.14 Bundle oberdiek, subset hyperref (HO)


(/usr/local/texlive/2016/texmf-dist/tex/generic/oberdiek/hobsub-generic.sty
Package: hobsub-generic 2016/05/16 v1.14 Bundle oberdiek, subset generic (HO)
Package: hobsub 2016/05/16 v1.14 Construct package bundles (HO)
Package: infwarerr 2016/05/16 v1.4 Providing info/warning/error messages (HO)
Package: ltxcmds 2016/05/16 v1.23 LaTeX kernel commands for general use (HO)
Package: ifluatex 2016/05/16 v1.4 Provides the ifluatex switch (HO)
Package ifluatex Info: LuaTeX not detected.
Package: ifvtex 2016/05/16 v1.6 Detect VTeX and its facilities (HO)
Package ifvtex Info: VTeX not detected.
Package: intcalc 2016/05/16 v1.2 Expandable calculations with integers (HO)
Package hobsub Info: Skipping package `ifpdf' (already loaded).
Package: etexcmds 2016/05/16 v1.6 Avoid name clashes with e-TeX commands (HO)
Package etexcmds Info: Could not find \expanded.
(etexcmds)             That can mean that you are not using pdfTeX 1.50 or
(etexcmds)             that some package has redefined \expanded.
(etexcmds)             In the latter case, load this package earlier.
Package: kvsetkeys 2016/05/16 v1.17 Key value parser (HO)
Package: kvdefinekeys 2016/05/16 v1.4 Define keys (HO)
Package: pdftexcmds 2016/05/10 v0.21 Utility functions of pdfTeX for LuaTeX (HO
)
Package pdftexcmds Info: LuaTeX not detected.
Package pdftexcmds Info: \pdf@primitive is available.
Package pdftexcmds Info: \pdf@ifprimitive is available.
Package pdftexcmds Info: \pdfdraftmode found.
Package: pdfescape 2016/05/16 v1.14 Implements pdfTeX's escape features (HO)
Package: bigintcalc 2016/05/16 v1.4 Expandable calculations on big integers (HO
)
Package: bitset 2016/05/16 v1.2 Handle bit-vector datatype (HO)
Package: uniquecounter 2016/05/16 v1.3 Provide unlimited unique counter (HO)
)
Package hobsub Info: Skipping package `hobsub' (already loaded).
Package: letltxmacro 2016/05/16 v1.5 Let assignment for LaTeX macros (HO)
Package: hopatch 2016/05/16 v1.3 Wrapper for package hooks (HO)
Package: xcolor-patch 2016/05/16 xcolor patch
Package: atveryend 2016/05/16 v1.9 Hooks at the very end of document (HO)
Package: atbegshi 2016/05/16 v1.17 At begin shipout hook (HO)
Package: refcount 2016/05/16 v3.5 Data extraction from label references (HO)
Package: hycolor 2016/05/16 v1.8 Color options for hyperref/bookmark (HO)
)
(/usr/local/texlive/2016/texmf-dist/tex/latex/oberdiek/auxhook.sty
Package: auxhook 2016/05/16 v1.4 Hooks for auxiliary files (HO)


Package auxhook Warning: Cannot patch \document,
(auxhook)                using \AtBeginDocument instead.

) (/usr/local/texlive/2016/texmf-dist/tex/latex/oberdiek/kvoptions.sty
Package: kvoptions 2016/05/16 v3.12 Key value format for package options (HO)
)
\@linkdim=\dimen111
\Hy@linkcounter=\count92
\Hy@pagecounter=\count93

(/usr/local/texlive/2016/texmf-dist/tex/latex/hyperref/pd1enc.def
File: pd1enc.def 2016/05/05 v6.83n Hyperref: PDFDocEncoding definition (HO)
)
\Hy@SavedSpaceFactor=\count94

(/usr/local/texlive/2016/texmf-dist/tex/latex/latexconfig/hyperref.cfg
File: hyperref.cfg 2002/06/06 v1.2 hyperref configuration of TeXLive
)
Package hyperref Info: Option `unicode' set `true' on input line 4322.

(/usr/local/texlive/2016/texmf-dist/tex/latex/hyperref/puenc.def
File: puenc.def 2016/05/05 v6.83n Hyperref: PDF Unicode definition (HO)
)
Package hyperref Info: Option `hyperfootnotes' set `false' on input line 4322.
Package hyperref Info: Hyper figures OFF on input line 4446.
Package hyperref Info: Link nesting OFF on input line 4451.
Package hyperref Info: Hyper index ON on input line 4454.
Package hyperref Info: Plain pages OFF on input line 4461.
Package hyperref Info: Backreferencing OFF on input line 4466.
Package hyperref Info: Implicit mode ON; LaTeX internals redefined.
Package hyperref Info: Bookmarks ON on input line 4691.
\c@Hy@tempcnt=\count95

(/usr/local/texlive/2016/texmf-dist/tex/latex/url/url.sty
\Urlmuskip=\muskip10
Package: url 2013/09/16  ver 3.4  Verb mode for urls, etc.
)
LaTeX Info: Redefining \url on input line 5044.
\XeTeXLinkMargin=\dimen112
\Fld@menulength=\count96
\Field@Width=\dimen113
\Fld@charsize=\dimen114
Package hyperref Info: Hyper figures OFF on input line 6298.
Package hyperref Info: Link nesting OFF on input line 6303.
Package hyperref Info: Hyper index ON on input line 6306.
Package hyperref Info: backreferencing OFF on input line 6313.
Package hyperref Info: Link coloring OFF on input line 6318.
Package hyperref Info: Link coloring with OCG OFF on input line 6323.
Package hyperref Info: PDF/A mode OFF on input line 6328.
LaTeX Info: Redefining \ref on input line 6368.
LaTeX Info: Redefining \pageref on input line 6372.
\Hy@abspage=\count97
\c@Item=\count98
)

Package hyperref Message: Driver (autodetected): hpdftex.

(/usr/local/texlive/2016/texmf-dist/tex/latex/hyperref/hpdftex.def
File: hpdftex.def 2016/05/05 v6.83n Hyperref driver for pdfTeX
\Fld@listcount=\count99
\c@bookmark@seq@number=\count100

(/usr/local/texlive/2016/texmf-dist/tex/latex/oberdiek/rerunfilecheck.sty
Package: rerunfilecheck 2016/05/16 v1.8 Rerun checks for auxiliary files (HO)
Package uniquecounter Info: New unique counter `rerunfilecheck' on input line 2
82.
)
\Hy@SectionHShift=\skip48
)

Package hyperref Warning: Option `pagecolor' is not available anymore.

(/usr/local/texlive/2016/texmf-dist/tex/latex/ms/ragged2e.sty
Package: ragged2e 2009/05/21 v2.1 ragged2e Package (MS)

(/usr/local/texlive/2016/texmf-dist/tex/latex/ms/everysel.sty
Package: everysel 2011/10/28 v1.2 EverySelectfont Package (MS)
)
\CenteringLeftskip=\skip49
\RaggedLeftLeftskip=\skip50
\RaggedRightLeftskip=\skip51
\CenteringRightskip=\skip52
\RaggedLeftRightskip=\skip53
\RaggedRightRightskip=\skip54
\CenteringParfillskip=\skip55
\RaggedLeftParfillskip=\skip56
\RaggedRightParfillskip=\skip57
\JustifyingParfillskip=\skip58
\CenteringParindent=\skip59
\RaggedLeftParindent=\skip60
\RaggedRightParindent=\skip61
\JustifyingParindent=\skip62
)
(/usr/local/texlive/2016/texmf-dist/tex/latex/geometry/geometry.sty
Package: geometry 2010/09/12 v5.6 Page Geometry
\Gm@cnth=\count101
\Gm@cntv=\count102
\c@Gm@tempcnt=\count103
\Gm@bindingoffset=\dimen115
\Gm@wd@mp=\dimen116
\Gm@odd@mp=\dimen117
\Gm@even@mp=\dimen118
\Gm@layoutwidth=\dimen119
\Gm@layoutheight=\dimen120
\Gm@layouthoffset=\dimen121
\Gm@layoutvoffset=\dimen122
\Gm@dimlist=\toks19
)
(/usr/local/texlive/2016/texmf-dist/tex/latex/changepage/changepage.sty
Package: changepage 2009/10/20 v1.0c check page and change page layout
\c@cp@cntr=\count104
\cp@tempcnt=\count105
)
\@tufte@overhang=\skip63
\@tufte@fullwidth=\skip64
\@tufte@caption@fill=\skip65

(/usr/local/texlive/2016/texmf-dist/tex/latex/paralist/paralist.sty
Package: paralist 2015/12/30 v2.5 Extended list environments
\pltopsep=\skip66
\plpartopsep=\skip67
\plitemsep=\skip68
\plparsep=\skip69
\pl@lab=\toks20
)
(/usr/local/texlive/2016/texmf-dist/tex/latex/textcase/textcase.sty
Package: textcase 2004/10/07 v0.07 Text only upper/lower case changing (DPC)
)
(/usr/local/texlive/2016/texmf-dist/tex/latex/microtype/letterspace.sty
Package: letterspace 2016/05/14 v2.6a Robust letterspacing (RS)
LaTeX Info: Redefining \lsstyle on input line 346.
LaTeX Info: Redefining \lslig on input line 347.
LaTeX Info: Redefining \textls on input line 372.
\MT@outer@kern=\dimen123
)
(/usr/local/texlive/2016/texmf-dist/tex/latex/setspace/setspace.sty
Package: setspace 2011/12/19 v6.7a set line spacing
)
(/usr/local/texlive/2016/texmf-dist/tex/latex/natbib/natbib.sty
Package: natbib 2010/09/13 8.31b (PWD, AO)
\bibhang=\skip70
\bibsep=\skip71
LaTeX Info: Redefining \cite on input line 694.
\c@NAT@ctr=\count106
)
(/usr/local/texlive/2016/texmf-dist/tex/latex/natbib/bibentry.sty
Package: bibentry 2007/10/30 1.5 (PWD)
)
No file Ch-measurementsProblems.bbl.
\c@@tufte@num@bibkeys=\count107
(/usr/local/texlive/2016/texmf-dist/tex/latex/sauerj/optparams.sty
Package: optparams 2004/08/14 v0.9 multiple optional parameters in macros
)
\@tufte@sidenote@vertical@offset=\skip72

(/usr/local/texlive/2016/texmf-dist/tex/latex/placeins/placeins.sty
Package: placeins 2005/04/18  v 2.2
)
\@tufte@margin@floatbox=\box27
\@tufte@figure@box=\box28
\@tufte@caption@box=\box29
\@tufte@caption@vertical@offset=\skip73
\@tufte@float@contents@width=\skip74

(/usr/local/texlive/2016/texmf-dist/tex/latex/psnfss/mathpazo.sty
Package: mathpazo 2005/04/12 PSNFSS-v9.2a Palatino w/ Pazo Math (D.Puga, WaS) 
\symupright=\mathgroup4
)
(/usr/local/texlive/2016/texmf-dist/tex/latex/psnfss/helvet.sty
Package: helvet 2005/04/12 PSNFSS-v9.2a (WaS) 
)
(/usr/local/texlive/2016/texmf-dist/tex/latex/bera/beramono.sty
Package: beramono 2004/01/31 (WaS)
)
(/usr/local/texlive/2016/texmf-dist/tex/latex/base/fontenc.sty
Package: fontenc 2005/09/27 v1.99g Standard LaTeX package

(/usr/local/texlive/2016/texmf-dist/tex/latex/base/t1enc.def
File: t1enc.def 2005/09/27 v1.99g Standard LaTeX file
LaTeX Font Info:    Redeclaring font encoding T1 on input line 48.
))
(/usr/local/texlive/2016/texmf-dist/tex/latex/base/textcomp.sty
Package: textcomp 2005/09/27 v1.99g Standard LaTeX package
Package textcomp Info: Sub-encoding information:
(textcomp)               5 = only ISO-Adobe without \textcurrency
(textcomp)               4 = 5 + \texteuro
(textcomp)               3 = 4 + \textohm
(textcomp)               2 = 3 + \textestimated + \textcurrency
(textcomp)               1 = TS1 - \textcircled - \t
(textcomp)               0 = TS1 (full)
(textcomp)             Font families with sub-encoding setting implement
(textcomp)             only a restricted character set as indicated.
(textcomp)             Family '?' is the default used for unknown fonts.
(textcomp)             See the documentation for details.
Package textcomp Info: Setting ? sub-encoding to TS1/1 on input line 79.

(/usr/local/texlive/2016/texmf-dist/tex/latex/base/ts1enc.def
File: ts1enc.def 2001/06/05 v3.0e (jk/car/fm) Standard LaTeX file
)
LaTeX Info: Redefining \oldstylenums on input line 334.
Package textcomp Info: Setting cmr sub-encoding to TS1/0 on input line 349.
Package textcomp Info: Setting cmss sub-encoding to TS1/0 on input line 350.
Package textcomp Info: Setting cmtt sub-encoding to TS1/0 on input line 351.
Package textcomp Info: Setting cmvtt sub-encoding to TS1/0 on input line 352.
Package textcomp Info: Setting cmbr sub-encoding to TS1/0 on input line 353.
Package textcomp Info: Setting cmtl sub-encoding to TS1/0 on input line 354.
Package textcomp Info: Setting ccr sub-encoding to TS1/0 on input line 355.
Package textcomp Info: Setting ptm sub-encoding to TS1/4 on input line 356.
Package textcomp Info: Setting pcr sub-encoding to TS1/4 on input line 357.
Package textcomp Info: Setting phv sub-encoding to TS1/4 on input line 358.
Package textcomp Info: Setting ppl sub-encoding to TS1/3 on input line 359.
Package textcomp Info: Setting pag sub-encoding to TS1/4 on input line 360.
Package textcomp Info: Setting pbk sub-encoding to TS1/4 on input line 361.
Package textcomp Info: Setting pnc sub-encoding to TS1/4 on input line 362.
Package textcomp Info: Setting pzc sub-encoding to TS1/4 on input line 363.
Package textcomp Info: Setting bch sub-encoding to TS1/4 on input line 364.
Package textcomp Info: Setting put sub-encoding to TS1/5 on input line 365.
Package textcomp Info: Setting uag sub-encoding to TS1/5 on input line 366.
Package textcomp Info: Setting ugq sub-encoding to TS1/5 on input line 367.
Package textcomp Info: Setting ul8 sub-encoding to TS1/4 on input line 368.
Package textcomp Info: Setting ul9 sub-encoding to TS1/4 on input line 369.
Package textcomp Info: Setting augie sub-encoding to TS1/5 on input line 370.
Package textcomp Info: Setting dayrom sub-encoding to TS1/3 on input line 371.
Package textcomp Info: Setting dayroms sub-encoding to TS1/3 on input line 372.

Package textcomp Info: Setting pxr sub-encoding to TS1/0 on input line 373.
Package textcomp Info: Setting pxss sub-encoding to TS1/0 on input line 374.
Package textcomp Info: Setting pxtt sub-encoding to TS1/0 on input line 375.
Package textcomp Info: Setting txr sub-encoding to TS1/0 on input line 376.
Package textcomp Info: Setting txss sub-encoding to TS1/0 on input line 377.
Package textcomp Info: Setting txtt sub-encoding to TS1/0 on input line 378.
Package textcomp Info: Setting lmr sub-encoding to TS1/0 on input line 379.
Package textcomp Info: Setting lmdh sub-encoding to TS1/0 on input line 380.
Package textcomp Info: Setting lmss sub-encoding to TS1/0 on input line 381.
Package textcomp Info: Setting lmssq sub-encoding to TS1/0 on input line 382.
Package textcomp Info: Setting lmvtt sub-encoding to TS1/0 on input line 383.
Package textcomp Info: Setting lmtt sub-encoding to TS1/0 on input line 384.
Package textcomp Info: Setting qhv sub-encoding to TS1/0 on input line 385.
Package textcomp Info: Setting qag sub-encoding to TS1/0 on input line 386.
Package textcomp Info: Setting qbk sub-encoding to TS1/0 on input line 387.
Package textcomp Info: Setting qcr sub-encoding to TS1/0 on input line 388.
Package textcomp Info: Setting qcs sub-encoding to TS1/0 on input line 389.
Package textcomp Info: Setting qpl sub-encoding to TS1/0 on input line 390.
Package textcomp Info: Setting qtm sub-encoding to TS1/0 on input line 391.
Package textcomp Info: Setting qzc sub-encoding to TS1/0 on input line 392.
Package textcomp Info: Setting qhvc sub-encoding to TS1/0 on input line 393.
Package textcomp Info: Setting futs sub-encoding to TS1/4 on input line 394.
Package textcomp Info: Setting futx sub-encoding to TS1/4 on input line 395.
Package textcomp Info: Setting futj sub-encoding to TS1/4 on input line 396.
Package textcomp Info: Setting hlh sub-encoding to TS1/3 on input line 397.
Package textcomp Info: Setting hls sub-encoding to TS1/3 on input line 398.
Package textcomp Info: Setting hlst sub-encoding to TS1/3 on input line 399.
Package textcomp Info: Setting hlct sub-encoding to TS1/5 on input line 400.
Package textcomp Info: Setting hlx sub-encoding to TS1/5 on input line 401.
Package textcomp Info: Setting hlce sub-encoding to TS1/5 on input line 402.
Package textcomp Info: Setting hlcn sub-encoding to TS1/5 on input line 403.
Package textcomp Info: Setting hlcw sub-encoding to TS1/5 on input line 404.
Package textcomp Info: Setting hlcf sub-encoding to TS1/5 on input line 405.
Package textcomp Info: Setting pplx sub-encoding to TS1/3 on input line 406.
Package textcomp Info: Setting pplj sub-encoding to TS1/3 on input line 407.
Package textcomp Info: Setting ptmx sub-encoding to TS1/4 on input line 408.
Package textcomp Info: Setting ptmj sub-encoding to TS1/4 on input line 409.
)
(/usr/local/texlive/2016/texmf-dist/tex/latex/fancyhdr/fancyhdr.sty
\fancy@headwidth=\skip75
\f@ncyO@elh=\skip76
\f@ncyO@erh=\skip77
\f@ncyO@olh=\skip78
\f@ncyO@orh=\skip79
\f@ncyO@elf=\skip80
\f@ncyO@erf=\skip81
\f@ncyO@olf=\skip82
\f@ncyO@orf=\skip83
)
(/usr/local/texlive/2016/texmf-dist/tex/latex/xcolor/xcolor.sty
Package: xcolor 2016/05/11 v2.12 LaTeX color extensions (UK)

(/usr/local/texlive/2016/texmf-dist/tex/latex/graphics-cfg/color.cfg
File: color.cfg 2016/01/02 v1.6 sample color configuration
)
Package xcolor Info: Package option `usenames' ignored on input line 216.
Package xcolor Info: Driver file: pdftex.def on input line 225.

(/usr/local/texlive/2016/texmf-dist/tex/latex/graphics-def/pdftex.def
File: pdftex.def 2018/01/08 v1.0l Graphics/color driver for pdftex
)
Package xcolor Info: Model `cmy' substituted by `cmy0' on input line 1348.
Package xcolor Info: Model `hsb' substituted by `rgb' on input line 1352.
Package xcolor Info: Model `RGB' extended on input line 1364.
Package xcolor Info: Model `HTML' substituted by `rgb' on input line 1366.
Package xcolor Info: Model `Hsb' substituted by `hsb' on input line 1367.
Package xcolor Info: Model `tHsb' substituted by `hsb' on input line 1368.
Package xcolor Info: Model `HSB' substituted by `hsb' on input line 1369.
Package xcolor Info: Model `Gray' substituted by `gray' on input line 1370.
Package xcolor Info: Model `wave' substituted by `hsb' on input line 1371.

(/usr/local/texlive/2016/texmf-dist/tex/latex/graphics/dvipsnam.def
File: dvipsnam.def 2015/12/30 v3.0k Driver-dependent file (DPC,SPQR)
)
(/usr/local/texlive/2016/texmf-dist/tex/latex/xcolor/svgnam.def
File: svgnam.def 2016/05/11 v2.12 Predefined colors according to SVG 1.1 (UK)
))
\langwohyphens=\language83

(/usr/local/texlive/2016/texmf-dist/tex/latex/tools/multicol.sty
Package: multicol 2016/04/07 v1.8p multicolumn formatting (FMi)
\c@tracingmulticols=\count108
\mult@box=\box30
\multicol@leftmargin=\dimen124
\c@unbalance=\count109
\c@collectmore=\count110
\doublecol@number=\count111
\multicoltolerance=\count112
\multicolpretolerance=\count113
\full@width=\dimen125
\page@free=\dimen126
\premulticols=\dimen127
\postmulticols=\dimen128
\multicolsep=\skip84
\multicolbaselineskip=\skip85
\partial@page=\box31
\last@line=\box32
\maxbalancingoverflow=\dimen129
\mult@rightbox=\box33
\mult@grightbox=\box34
\mult@gfirstbox=\box35
\mult@firstbox=\box36
\@tempa=\box37
\@tempa=\box38
\@tempa=\box39
\@tempa=\box40
\@tempa=\box41
\@tempa=\box42
\@tempa=\box43
\@tempa=\box44
\@tempa=\box45
\@tempa=\box46
\@tempa=\box47
\@tempa=\box48
\@tempa=\box49
\@tempa=\box50
\@tempa=\box51
\@tempa=\box52
\@tempa=\box53
\c@columnbadness=\count114
\c@finalcolumnbadness=\count115
\last@try=\dimen130
\multicolovershoot=\dimen131
\multicolundershoot=\dimen132
\mult@nat@firstbox=\box54
\colbreak@box=\box55
\mc@col@check@num=\count116
)))

Package geometry Warning: Over-specification in `v'-direction.
    `height' (686.0pt) is ignored.

(/usr/local/texlive/2016/texmf-dist/tex/latex/graphics/graphicx.sty
Package: graphicx 2014/10/28 v1.0g Enhanced LaTeX Graphics (DPC,SPQR)

(/usr/local/texlive/2016/texmf-dist/tex/latex/graphics/graphics.sty
Package: graphics 2016/05/09 v1.0r Standard LaTeX Graphics (DPC,SPQR)

(/usr/local/texlive/2016/texmf-dist/tex/latex/graphics/trig.sty
Package: trig 2016/01/03 v1.10 sin cos tan (DPC)
)
(/usr/local/texlive/2016/texmf-dist/tex/latex/graphics-cfg/graphics.cfg
File: graphics.cfg 2016/01/02 v1.10 sample graphics configuration
)
Package graphics Info: Driver file: pdftex.def on input line 96.
)
\Gin@req@height=\dimen133
\Gin@req@width=\dimen134
)
(/usr/local/texlive/2016/texmf-dist/tex/latex/graphics/lscape.sty
Package: lscape 2000/10/22 v3.01 Landscape Pages (DPC)
)
(/usr/local/texlive/2016/texmf-dist/tex/latex/asymptote/asymptote.sty
Package: asymptote 2016/02/09 v1.30 Asymptote style file for LaTeX
\ASYbox=\box56
\ASYdimen=\dimen135
\c@asy=\count117
\AsyStream=\write3
\AsyPreStream=\write4

(/usr/local/texlive/2016/texmf-dist/tex/generic/oberdiek/catchfile.sty
Package: catchfile 2016/05/16 v1.7 Catch the contents of a file (HO)
)
\openout4 = `Ch-measurementsProblems.pre'.

)
(/usr/local/texlive/2016/texmf-dist/tex/latex/dingbat/dingbat.sty
Package: dingbat 2001/04/27 v1.00 Hands and other dingbats
)
(/usr/local/texlive/2016/texmf-dist/tex/latex/wrapfig/wrapfig.sty
\wrapoverhang=\dimen136
\WF@size=\dimen137
\c@WF@wrappedlines=\count118
\WF@box=\box57
\WF@everypar=\toks21
Package: wrapfig 2003/01/31  v 3.6
)
(/usr/local/texlive/2016/texmf-dist/tex/latex/dirtytalk/dirtytalk.sty
Package: dirtytalk 2010/11/21 A package making "quoting" easier
\c@dirtytalk@qdepth=\count119
)
(/usr/local/texlive/2016/texmf-dist/tex/latex/savesym/savesym.sty
Package: savesym 2013/09/02 v1.2 Saves and restores symbols (JG)
)
(/usr/local/texlive/2016/texmf-dist/tex/latex/psnfss/pifont.sty
Package: pifont 2005/04/12 PSNFSS-v9.2a Pi font support (SPQR) 
LaTeX Font Info:    Try loading font information for U+pzd on input line 63.

(/usr/local/texlive/2016/texmf-dist/tex/latex/psnfss/upzd.fd
File: upzd.fd 2001/06/04 font definitions for U/pzd.
)
LaTeX Font Info:    Try loading font information for U+psy on input line 64.

(/usr/local/texlive/2016/texmf-dist/tex/latex/psnfss/upsy.fd
File: upsy.fd 2001/06/04 font definitions for U/psy.
))
(/usr/local/texlive/2016/texmf-dist/tex/latex/tabu/tabu.sty
Package: tabu 2011/02/26 v2.8 - flexible LaTeX tabulars (FC)

(/usr/local/texlive/2016/texmf-dist/tex/latex/tools/array.sty
Package: array 2014/10/28 v2.4c Tabular extension package (FMi)
\col@sep=\dimen138
\extrarowheight=\dimen139
\NC@list=\toks22
\extratabsurround=\skip86
\backup@length=\skip87
)
(/usr/local/texlive/2016/texmf-dist/tex/latex/varwidth/varwidth.sty
Package: varwidth 2009/03/30 ver 0.92;  Variable-width minipages
\@vwid@box=\box58
\sift@deathcycles=\count120
\@vwid@loff=\dimen140
\@vwid@roff=\dimen141
)
\c@taburow=\count121
\tabu@nbcols=\count122
\tabu@cnt=\count123
\tabu@Xcol=\count124
\tabu@alloc=\count125
\tabu@nested=\count126
\tabu@target=\dimen142
\tabu@spreadtarget=\dimen143
\tabu@naturalX=\dimen144
\tabucolX=\dimen145
\tabu@Xsum=\dimen146
\extrarowdepth=\dimen147
\abovetabulinesep=\dimen148
\belowtabulinesep=\dimen149
\tabustrutrule=\dimen150
\tabu@thebody=\toks23
\tabu@footnotes=\toks24
\tabu@box=\box59
\tabu@arstrutbox=\box60
\tabu@hleads=\box61
\tabu@vleads=\box62
\tabu@cellskip=\skip88
)
(/usr/local/texlive/2016/texmf-dist/tex/latex/modiagram/modiagram.sty
(/usr/local/texlive/2016/texmf-dist/tex/latex/l3kernel/expl3.sty
Package: expl3 2016/05/18 v6512 L3 programming layer (loader) 

(/usr/local/texlive/2016/texmf-dist/tex/latex/l3kernel/expl3-code.tex
Package: expl3 2016/05/18 v6512 L3 programming layer (code)
L3 Module: l3bootstrap 2016/02/12 v6412 L3 Bootstrap code
L3 Module: l3names 2016/03/11 v6433 L3 Namespace for primitives
L3 Module: l3basics 2015/11/22 v6315 L3 Basic definitions
L3 Module: l3expan 2015/09/10 v5983 L3 Argument expansion
L3 Module: l3tl 2016/03/26 v6465 L3 Token lists
L3 Module: l3str 2016/03/24 v6441 L3 Strings
L3 Module: l3seq 2015/08/05 v5777 L3 Sequences and stacks
L3 Module: l3int 2016/03/24 v6441 L3 Integers
\c_max_int=\count127
\l_tmpa_int=\count128
\l_tmpb_int=\count129
\g_tmpa_int=\count130
\g_tmpb_int=\count131
L3 Module: l3quark 2015/08/17 v5855 L3 Quarks
L3 Module: l3prg 2015/11/01 v6216 L3 Control structures
\g__prg_map_int=\count132
L3 Module: l3clist 2015/09/02 v5901 L3 Comma separated lists
L3 Module: l3token 2016/04/03 v6470 L3 Experimental token manipulation
L3 Module: l3prop 2016/01/05 v6366 L3 Property lists
L3 Module: l3msg 2016/03/26 v6464 L3 Messages
L3 Module: l3file 2016/03/25 v6458 L3 File and I/O operations
\l_iow_line_count_int=\count133
\l__iow_target_count_int=\count134
\l__iow_current_line_int=\count135
\l__iow_current_word_int=\count136
\l__iow_current_indentation_int=\count137
L3 Module: l3skip 2016/01/05 v6366 L3 Dimensions and skips
\c_zero_dim=\dimen151
\c_max_dim=\dimen152
\l_tmpa_dim=\dimen153
\l_tmpb_dim=\dimen154
\g_tmpa_dim=\dimen155
\g_tmpb_dim=\dimen156
\c_zero_skip=\skip89
\c_max_skip=\skip90
\l_tmpa_skip=\skip91
\l_tmpb_skip=\skip92
\g_tmpa_skip=\skip93
\g_tmpb_skip=\skip94
\c_zero_muskip=\muskip11
\c_max_muskip=\muskip12
\l_tmpa_muskip=\muskip13
\l_tmpb_muskip=\muskip14
\g_tmpa_muskip=\muskip15
\g_tmpb_muskip=\muskip16
L3 Module: l3keys 2015/11/17 v6284 L3 Key-value interfaces
\g__keyval_level_int=\count138
\l_keys_choice_int=\count139
L3 Module: l3fp 2016/03/26 v6465 L3 Floating points
\c__fp_leading_shift_int=\count140
\c__fp_middle_shift_int=\count141
\c__fp_trailing_shift_int=\count142
\c__fp_big_leading_shift_int=\count143
\c__fp_big_middle_shift_int=\count144
\c__fp_big_trailing_shift_int=\count145
\c__fp_Bigg_leading_shift_int=\count146
\c__fp_Bigg_middle_shift_int=\count147
\c__fp_Bigg_trailing_shift_int=\count148
L3 Module: l3box 2015/08/09 v5822 L3 Experimental boxes
\c_empty_box=\box63
\l_tmpa_box=\box64
\l_tmpb_box=\box65
\g_tmpa_box=\box66
\g_tmpb_box=\box67
L3 Module: l3coffins 2016/05/17 v6508 L3 Coffin code layer
\l__coffin_internal_box=\box68
\l__coffin_internal_dim=\dimen157
\l__coffin_offset_x_dim=\dimen158
\l__coffin_offset_y_dim=\dimen159
\l__coffin_x_dim=\dimen160
\l__coffin_y_dim=\dimen161
\l__coffin_x_prime_dim=\dimen162
\l__coffin_y_prime_dim=\dimen163
\c_empty_coffin=\box69
\l__coffin_aligned_coffin=\box70
\l__coffin_aligned_internal_coffin=\box71
\l_tmpa_coffin=\box72
\l_tmpb_coffin=\box73
\l__coffin_display_coffin=\box74
\l__coffin_display_coord_coffin=\box75
\l__coffin_display_pole_coffin=\box76
\l__coffin_display_offset_dim=\dimen164
\l__coffin_display_x_dim=\dimen165
\l__coffin_display_y_dim=\dimen166
L3 Module: l3color 2014/08/23 v5354 L3 Experimental color support
L3 Module: l3sys 2015/09/25 v6087 L3 Experimental system/runtime functions
L3 Module: l3candidates 2016/05/13 v6484 L3 Experimental additions to l3kernel
\l__box_top_dim=\dimen167
\l__box_bottom_dim=\dimen168
\l__box_left_dim=\dimen169
\l__box_right_dim=\dimen170
\l__box_top_new_dim=\dimen171
\l__box_bottom_new_dim=\dimen172
\l__box_left_new_dim=\dimen173
\l__box_right_new_dim=\dimen174
\l__box_internal_box=\box77
\l__coffin_bounding_shift_dim=\dimen175
\l__coffin_left_corner_dim=\dimen176
\l__coffin_right_corner_dim=\dimen177
\l__coffin_bottom_corner_dim=\dimen178
\l__coffin_top_corner_dim=\dimen179
\l__coffin_scaled_total_height_dim=\dimen180
\l__coffin_scaled_width_dim=\dimen181
L3 Module: l3luatex 2016/03/26 v6465 L3 Experimental LuaTeX-specific functions
)
(/usr/local/texlive/2016/texmf-dist/tex/latex/l3kernel/l3pdfmode.def
File: l3pdfmode.def 2016/03/26 v6465 L3 Experimental driver: PDF mode
\l__driver_color_stack_int=\count149
\l__driver_tmp_box=\box78
))
(/usr/local/texlive/2016/texmf-dist/tex/latex/l3packages/xparse/xparse.sty
Package: xparse 2016/05/18 v6512 L3 Experimental document command parser
\l__xparse_current_arg_int=\count150
\l__xparse_m_args_int=\count151
\l__xparse_mandatory_args_int=\count152
\l__xparse_processor_int=\count153
\l__xparse_v_nesting_int=\count154
)
(/usr/local/texlive/2016/texmf-dist/tex/latex/l3packages/l3keys2e/l3keys2e.sty
Package: l3keys2e 2016/05/18 v6512 LaTeX2e option processing using LaTeX3 keys
) (/usr/local/texlive/2016/texmf-dist/tex/latex/pgf/frontendlayer/tikz.sty
(/usr/local/texlive/2016/texmf-dist/tex/latex/pgf/basiclayer/pgf.sty
(/usr/local/texlive/2016/texmf-dist/tex/latex/pgf/utilities/pgfrcs.sty
(/usr/local/texlive/2016/texmf-dist/tex/generic/pgf/utilities/pgfutil-common.te
x
\pgfutil@everybye=\toks25
\pgfutil@tempdima=\dimen182
\pgfutil@tempdimb=\dimen183

(/usr/local/texlive/2016/texmf-dist/tex/generic/pgf/utilities/pgfutil-common-li
sts.tex))
(/usr/local/texlive/2016/texmf-dist/tex/generic/pgf/utilities/pgfutil-latex.def
\pgfutil@abb=\box79
(/usr/local/texlive/2016/texmf-dist/tex/latex/ms/everyshi.sty
Package: everyshi 2001/05/15 v3.00 EveryShipout Package (MS)
))
(/usr/local/texlive/2016/texmf-dist/tex/generic/pgf/utilities/pgfrcs.code.tex
Package: pgfrcs 2015/08/07 v3.0.1a (rcs-revision 1.31)
))
Package: pgf 2015/08/07 v3.0.1a (rcs-revision 1.15)
(/usr/local/texlive/2016/texmf-dist/tex/latex/pgf/basiclayer/pgfcore.sty
(/usr/local/texlive/2016/texmf-dist/tex/latex/pgf/systemlayer/pgfsys.sty
(/usr/local/texlive/2016/texmf-dist/tex/generic/pgf/systemlayer/pgfsys.code.tex
Package: pgfsys 2014/07/09 v3.0.1a (rcs-revision 1.48)
(/usr/local/texlive/2016/texmf-dist/tex/generic/pgf/utilities/pgfkeys.code.tex
\pgfkeys@pathtoks=\toks26
\pgfkeys@temptoks=\toks27

(/usr/local/texlive/2016/texmf-dist/tex/generic/pgf/utilities/pgfkeysfiltered.c
ode.tex
\pgfkeys@tmptoks=\toks28
))
\pgf@x=\dimen184
\pgf@y=\dimen185
\pgf@xa=\dimen186
\pgf@ya=\dimen187
\pgf@xb=\dimen188
\pgf@yb=\dimen189
\pgf@xc=\dimen190
\pgf@yc=\dimen191
\w@pgf@writea=\write5
\r@pgf@reada=\read2
\c@pgf@counta=\count155
\c@pgf@countb=\count156
\c@pgf@countc=\count157
\c@pgf@countd=\count158
\t@pgf@toka=\toks29
\t@pgf@tokb=\toks30
\t@pgf@tokc=\toks31

(/usr/local/texlive/2016/texmf-dist/tex/generic/pgf/systemlayer/pgf.cfg
File: pgf.cfg 2008/05/14  (rcs-revision 1.7)
)
Driver file for pgf: pgfsys-pdftex.def

(/usr/local/texlive/2016/texmf-dist/tex/generic/pgf/systemlayer/pgfsys-pdftex.d
ef
File: pgfsys-pdftex.def 2014/10/11  (rcs-revision 1.35)

(/usr/local/texlive/2016/texmf-dist/tex/generic/pgf/systemlayer/pgfsys-common-p
df.def
File: pgfsys-common-pdf.def 2013/10/10  (rcs-revision 1.13)
)))
(/usr/local/texlive/2016/texmf-dist/tex/generic/pgf/systemlayer/pgfsyssoftpath.
code.tex
File: pgfsyssoftpath.code.tex 2013/09/09  (rcs-revision 1.9)
\pgfsyssoftpath@smallbuffer@items=\count159
\pgfsyssoftpath@bigbuffer@items=\count160
)
(/usr/local/texlive/2016/texmf-dist/tex/generic/pgf/systemlayer/pgfsysprotocol.
code.tex
File: pgfsysprotocol.code.tex 2006/10/16  (rcs-revision 1.4)
))
(/usr/local/texlive/2016/texmf-dist/tex/generic/pgf/basiclayer/pgfcore.code.tex
Package: pgfcore 2010/04/11 v3.0.1a (rcs-revision 1.7)
(/usr/local/texlive/2016/texmf-dist/tex/generic/pgf/math/pgfmath.code.tex
(/usr/local/texlive/2016/texmf-dist/tex/generic/pgf/math/pgfmathcalc.code.tex
(/usr/local/texlive/2016/texmf-dist/tex/generic/pgf/math/pgfmathutil.code.tex)
(/usr/local/texlive/2016/texmf-dist/tex/generic/pgf/math/pgfmathparser.code.tex
\pgfmath@dimen=\dimen192
\pgfmath@count=\count161
\pgfmath@box=\box80
\pgfmath@toks=\toks32
\pgfmath@stack@operand=\toks33
\pgfmath@stack@operation=\toks34
)
(/usr/local/texlive/2016/texmf-dist/tex/generic/pgf/math/pgfmathfunctions.code.
tex
(/usr/local/texlive/2016/texmf-dist/tex/generic/pgf/math/pgfmathfunctions.basic
.code.tex)
(/usr/local/texlive/2016/texmf-dist/tex/generic/pgf/math/pgfmathfunctions.trigo
nometric.code.tex)
(/usr/local/texlive/2016/texmf-dist/tex/generic/pgf/math/pgfmathfunctions.rando
m.code.tex)
(/usr/local/texlive/2016/texmf-dist/tex/generic/pgf/math/pgfmathfunctions.compa
rison.code.tex)
(/usr/local/texlive/2016/texmf-dist/tex/generic/pgf/math/pgfmathfunctions.base.
code.tex)
(/usr/local/texlive/2016/texmf-dist/tex/generic/pgf/math/pgfmathfunctions.round
.code.tex)
(/usr/local/texlive/2016/texmf-dist/tex/generic/pgf/math/pgfmathfunctions.misc.
code.tex)
(/usr/local/texlive/2016/texmf-dist/tex/generic/pgf/math/pgfmathfunctions.integ
erarithmetics.code.tex)))
(/usr/local/texlive/2016/texmf-dist/tex/generic/pgf/math/pgfmathfloat.code.tex
\c@pgfmathroundto@lastzeros=\count162
))
(/usr/local/texlive/2016/texmf-dist/tex/generic/pgf/basiclayer/pgfcorepoints.co
de.tex
File: pgfcorepoints.code.tex 2013/10/07  (rcs-revision 1.27)
\pgf@picminx=\dimen193
\pgf@picmaxx=\dimen194
\pgf@picminy=\dimen195
\pgf@picmaxy=\dimen196
\pgf@pathminx=\dimen197
\pgf@pathmaxx=\dimen198
\pgf@pathminy=\dimen199
\pgf@pathmaxy=\dimen256
\pgf@xx=\dimen257
\pgf@xy=\dimen258
\pgf@yx=\dimen259
\pgf@yy=\dimen260
\pgf@zx=\dimen261
\pgf@zy=\dimen262
)
(/usr/local/texlive/2016/texmf-dist/tex/generic/pgf/basiclayer/pgfcorepathconst
ruct.code.tex
File: pgfcorepathconstruct.code.tex 2013/10/07  (rcs-revision 1.29)
\pgf@path@lastx=\dimen263
\pgf@path@lasty=\dimen264
)
(/usr/local/texlive/2016/texmf-dist/tex/generic/pgf/basiclayer/pgfcorepathusage
.code.tex
File: pgfcorepathusage.code.tex 2014/11/02  (rcs-revision 1.24)
\pgf@shorten@end@additional=\dimen265
\pgf@shorten@start@additional=\dimen266
)
(/usr/local/texlive/2016/texmf-dist/tex/generic/pgf/basiclayer/pgfcorescopes.co
de.tex
File: pgfcorescopes.code.tex 2015/05/08  (rcs-revision 1.46)
\pgfpic=\box81
\pgf@hbox=\box82
\pgf@layerbox@main=\box83
\pgf@picture@serial@count=\count163
)
(/usr/local/texlive/2016/texmf-dist/tex/generic/pgf/basiclayer/pgfcoregraphicst
ate.code.tex
File: pgfcoregraphicstate.code.tex 2014/11/02  (rcs-revision 1.12)
\pgflinewidth=\dimen267
)
(/usr/local/texlive/2016/texmf-dist/tex/generic/pgf/basiclayer/pgfcoretransform
ations.code.tex
File: pgfcoretransformations.code.tex 2015/08/07  (rcs-revision 1.20)
\pgf@pt@x=\dimen268
\pgf@pt@y=\dimen269
\pgf@pt@temp=\dimen270
)
(/usr/local/texlive/2016/texmf-dist/tex/generic/pgf/basiclayer/pgfcorequick.cod
e.tex
File: pgfcorequick.code.tex 2008/10/09  (rcs-revision 1.3)
)
(/usr/local/texlive/2016/texmf-dist/tex/generic/pgf/basiclayer/pgfcoreobjects.c
ode.tex
File: pgfcoreobjects.code.tex 2006/10/11  (rcs-revision 1.2)
)
(/usr/local/texlive/2016/texmf-dist/tex/generic/pgf/basiclayer/pgfcorepathproce
ssing.code.tex
File: pgfcorepathprocessing.code.tex 2013/09/09  (rcs-revision 1.9)
)
(/usr/local/texlive/2016/texmf-dist/tex/generic/pgf/basiclayer/pgfcorearrows.co
de.tex
File: pgfcorearrows.code.tex 2015/05/14  (rcs-revision 1.43)
\pgfarrowsep=\dimen271
)
(/usr/local/texlive/2016/texmf-dist/tex/generic/pgf/basiclayer/pgfcoreshade.cod
e.tex
File: pgfcoreshade.code.tex 2013/07/15  (rcs-revision 1.15)
\pgf@max=\dimen272
\pgf@sys@shading@range@num=\count164
)
(/usr/local/texlive/2016/texmf-dist/tex/generic/pgf/basiclayer/pgfcoreimage.cod
e.tex
File: pgfcoreimage.code.tex 2013/07/15  (rcs-revision 1.18)

(/usr/local/texlive/2016/texmf-dist/tex/generic/pgf/basiclayer/pgfcoreexternal.
code.tex
File: pgfcoreexternal.code.tex 2014/07/09  (rcs-revision 1.21)
\pgfexternal@startupbox=\box84
))
(/usr/local/texlive/2016/texmf-dist/tex/generic/pgf/basiclayer/pgfcorelayers.co
de.tex
File: pgfcorelayers.code.tex 2013/07/18  (rcs-revision 1.7)
)
(/usr/local/texlive/2016/texmf-dist/tex/generic/pgf/basiclayer/pgfcoretranspare
ncy.code.tex
File: pgfcoretransparency.code.tex 2013/09/30  (rcs-revision 1.5)
)
(/usr/local/texlive/2016/texmf-dist/tex/generic/pgf/basiclayer/pgfcorepatterns.
code.tex
File: pgfcorepatterns.code.tex 2013/11/07  (rcs-revision 1.5)
)))
(/usr/local/texlive/2016/texmf-dist/tex/generic/pgf/modules/pgfmoduleshapes.cod
e.tex
File: pgfmoduleshapes.code.tex 2014/03/21  (rcs-revision 1.35)
\pgfnodeparttextbox=\box85
)
(/usr/local/texlive/2016/texmf-dist/tex/generic/pgf/modules/pgfmoduleplot.code.
tex
File: pgfmoduleplot.code.tex 2015/08/03  (rcs-revision 1.13)
)
(/usr/local/texlive/2016/texmf-dist/tex/latex/pgf/compatibility/pgfcomp-version
-0-65.sty
Package: pgfcomp-version-0-65 2007/07/03 v3.0.1a (rcs-revision 1.7)
\pgf@nodesepstart=\dimen273
\pgf@nodesepend=\dimen274
)
(/usr/local/texlive/2016/texmf-dist/tex/latex/pgf/compatibility/pgfcomp-version
-1-18.sty
Package: pgfcomp-version-1-18 2007/07/23 v3.0.1a (rcs-revision 1.1)
))
(/usr/local/texlive/2016/texmf-dist/tex/latex/pgf/utilities/pgffor.sty
(/usr/local/texlive/2016/texmf-dist/tex/latex/pgf/utilities/pgfkeys.sty
(/usr/local/texlive/2016/texmf-dist/tex/generic/pgf/utilities/pgfkeys.code.tex)
) (/usr/local/texlive/2016/texmf-dist/tex/latex/pgf/math/pgfmath.sty
(/usr/local/texlive/2016/texmf-dist/tex/generic/pgf/math/pgfmath.code.tex))
(/usr/local/texlive/2016/texmf-dist/tex/generic/pgf/utilities/pgffor.code.tex
Package: pgffor 2013/12/13 v3.0.1a (rcs-revision 1.25)

(/usr/local/texlive/2016/texmf-dist/tex/generic/pgf/math/pgfmath.code.tex)
\pgffor@iter=\dimen275
\pgffor@skip=\dimen276
\pgffor@stack=\toks35
\pgffor@toks=\toks36
))
(/usr/local/texlive/2016/texmf-dist/tex/generic/pgf/frontendlayer/tikz/tikz.cod
e.tex
Package: tikz 2015/08/07 v3.0.1a (rcs-revision 1.151)

(/usr/local/texlive/2016/texmf-dist/tex/generic/pgf/libraries/pgflibraryplothan
dlers.code.tex
File: pgflibraryplothandlers.code.tex 2013/08/31 v3.0.1a (rcs-revision 1.20)
\pgf@plot@mark@count=\count165
\pgfplotmarksize=\dimen277
)
\tikz@lastx=\dimen278
\tikz@lasty=\dimen279
\tikz@lastxsaved=\dimen280
\tikz@lastysaved=\dimen281
\tikzleveldistance=\dimen282
\tikzsiblingdistance=\dimen283
\tikz@figbox=\box86
\tikz@figbox@bg=\box87
\tikz@tempbox=\box88
\tikz@tempbox@bg=\box89
\tikztreelevel=\count166
\tikznumberofchildren=\count167
\tikznumberofcurrentchild=\count168
\tikz@fig@count=\count169

(/usr/local/texlive/2016/texmf-dist/tex/generic/pgf/modules/pgfmodulematrix.cod
e.tex
File: pgfmodulematrix.code.tex 2013/09/17  (rcs-revision 1.8)
\pgfmatrixcurrentrow=\count170
\pgfmatrixcurrentcolumn=\count171
\pgf@matrix@numberofcolumns=\count172
)
\tikz@expandcount=\count173

(/usr/local/texlive/2016/texmf-dist/tex/generic/pgf/frontendlayer/tikz/librarie
s/tikzlibrarytopaths.code.tex
File: tikzlibrarytopaths.code.tex 2008/06/17 v3.0.1a (rcs-revision 1.2)
)))
(/usr/local/texlive/2016/texmf-dist/tex/latex/chemgreek/chemgreek.sty
(/usr/local/texlive/2016/texmf-dist/tex/latex/amsmath/amstext.sty
Package: amstext 2000/06/29 v2.01 AMS text

(/usr/local/texlive/2016/texmf-dist/tex/latex/amsmath/amsgen.sty
File: amsgen.sty 1999/11/30 v2.0 generic functions
\@emptytoks=\toks37
\ex@=\dimen284
))
Package: chemgreek 2016/02/10 v1.0e interfaceforuprightgreeklettersforuseinchem
istry (CN)
\l__chemgreek_tmpa_int=\count174
\g__chemgreek_tmpa_int=\count175
.................................................
. LaTeX info: "xparse/define-command"
. 
. Defining command \newchemgreekmapping with sig. 'O{}mm' on line 336.
.................................................
.................................................
. LaTeX info: "xparse/define-command"
. 
. Defining command \renewchemgreekmapping with sig. 'O{}mm' on line 339.
.................................................
.................................................
. LaTeX info: "xparse/define-command"
. 
. Defining command \declarechemgreekmapping with sig. 'O{}mm' on line 342.
.................................................
.................................................
. LaTeX info: "xparse/define-command"
. 
. Defining command \newchemgreekmappingalias with sig. 'mm' on line 347.
.................................................
.................................................
. LaTeX info: "xparse/define-command"
. 
. Defining command \renewchemgreekmappingalias with sig. 'mm' on line 350.
.................................................
.................................................
. LaTeX info: "xparse/define-command"
. 
. Defining command \declarechemgreekmappingalias with sig. 'mm' on line 353.
.................................................
.................................................
. LaTeX info: "xparse/define-command"
. 
. Defining command \changechemgreeksymbol with sig. 'mmmm' on line 383.
.................................................
.................................................
. LaTeX info: "xparse/define-command"
. 
. Defining command \chemgreekmappingsymbol with sig. 'mm' on line 477.
.................................................
.................................................
. LaTeX info: "xparse/define-command"
. 
. Defining command \activatechemgreekmapping with sig. 'sm' on line 486.
.................................................
.................................................
. LaTeX info: "xparse/define-command"
. 
. Defining command \selectchemgreekmapping with sig. 'm' on line 491.
.................................................
)
(/usr/local/texlive/2016/texmf-dist/tex/generic/pgf/frontendlayer/tikz/librarie
s/tikzlibrarycalc.code.tex
File: tikzlibrarycalc.code.tex 2013/07/15 v3.0.1a (rcs-revision 1.9)
)
(/usr/local/texlive/2016/texmf-dist/tex/generic/pgf/frontendlayer/tikz/librarie
s/tikzlibraryarrows.code.tex
File: tikzlibraryarrows.code.tex 2008/01/09 v3.0.1a (rcs-revision 1.1)

(/usr/local/texlive/2016/texmf-dist/tex/generic/pgf/libraries/pgflibraryarrows.
code.tex
File: pgflibraryarrows.code.tex 2013/09/23 v3.0.1a (rcs-revision 1.16)
\arrowsize=\dimen285
))
Package: modiagram 2015/09/23 v0.2g easy creation of molecular orbital diagrams

\l__MOdiagram_tmpa_dim=\dimen286
.................................................
. LaTeX info: "xparse/define-environment"
. 
. Defining environment 'MOdiagram' with sig. 'og' on line 115.
.................................................
\l__MOdiagram_AO_width_dim=\dimen287
\l__MOdiagram_left_atom_position_dim=\dimen288
\l__MOdiagram_inter_atom_distance_dim=\dimen289
\l__MOdiagram_molecule_position_dim=\dimen290
\g__MOdiagram_min_energy_dim=\dimen291
\g__MOdiagram_max_energy_dim=\dimen292
\l__MOdiagram_energy_gain_dim=\dimen293
\l__MOdiagram_energy_loss_dim=\dimen294
.................................................
. LaTeX info: "xparse/define-command"
. 
. Defining command \MOsetup with sig. 'm' on line 290.
.................................................
.................................................
. LaTeX info: "xparse/define-command"
. 
. Defining command \__MOdiagram_atom: with sig. 'omm' on line 322.
.................................................
\l__MOdiagram_atom_xshift_dim=\dimen295
\l__MOdiagram_atom_one_s_dim=\dimen296
\l__MOdiagram_atom_left_one_s_dim=\dimen297
\l__MOdiagram_atom_right_one_s_dim=\dimen298
\l__MOdiagram_atom_two_s_dim=\dimen299
\l__MOdiagram_atom_left_two_s_dim=\dimen300
\l__MOdiagram_atom_right_two_s_dim=\dimen301
\l__MOdiagram_atom_two_p_dim=\dimen302
\l__MOdiagram_atom_left_two_p_dim=\dimen303
\l__MOdiagram_atom_right_two_p_dim=\dimen304
\l__MOdiagram_atom_px_shift_dim=\dimen305
\l__MOdiagram_atom_py_shift_dim=\dimen306
\l__MOdiagram_atom_pz_shift_dim=\dimen307
.................................................
. LaTeX info: "xparse/define-command"
. 
. Defining command \__MOdiagram_two_p_set_aux_ii:n with sig. '>{\SplitArgument
. {2}{,}}m' on line 583.
.................................................
.................................................
. LaTeX info: "xparse/define-command"
. 
. Defining command \__MOdiagram_molecule: with sig. 'om' on line 760.
.................................................
\l__MOdiagram_molecule_one_sigma_dim=\dimen308
\l__MOdiagram_molecule_one_sigmas_dim=\dimen309
\l__MOdiagram_molecule_two_sigma_dim=\dimen310
\l__MOdiagram_molecule_two_sigmas_dim=\dimen311
\l__MOdiagram_molecule_two_psigma_dim=\dimen312
\l__MOdiagram_molecule_two_psigmas_dim=\dimen313
\l__MOdiagram_molecule_two_ppi_dim=\dimen314
\l__MOdiagram_molecule_two_ppis_dim=\dimen315
.................................................
. LaTeX info: "xparse/define-command"
. 
. Defining command \__MOdiagram_two_mo_p_set_electrons:n with sig.
. '>{\SplitArgument {5}{,}}m' on line 1115.
.................................................
\l__MOdiagram_AO_dim=\dimen316
\l__MOdiagram_AO_position_dim=\dimen317
\l__MOdiagram_AO_px_shift_dim=\dimen318
\l__MOdiagram_AO_py_shift_dim=\dimen319
\l__MOdiagram_AO_pz_shift_dim=\dimen320
\g__MOdiagram_AO_name_int=\count176
.................................................
. LaTeX info: "xparse/define-command"
. 
. Defining command \__MOdiagram_AO_p_set_electrons:n with sig.
. '>{\SplitArgument {2}{,}}m' on line 1431.
.................................................
.................................................
. LaTeX info: "xparse/define-command"
. 
. Defining command \__MOdiagram_arbitrary_AO: with sig. 'oD(){0cm}mom' on line
. 1698.
.................................................
.................................................
. LaTeX info: "xparse/define-command"
. 
. Defining command \connect with sig. 'm' on line 1720.
.................................................
.................................................
. LaTeX info: "xparse/define-command"
. 
. Defining command \__MOdiagram_detect_nodes:n with sig. '>{\SplitArgument
. {1}{&}}m' on line 1723.
.................................................
\l_energy_axis_dim=\dimen321
.................................................
. LaTeX info: "xparse/define-command"
. 
. Defining command \__MOdiagram_EnergyAxis: with sig. 'o' on line 2031.
.................................................
) (/usr/local/texlive/2016/texmf-dist/tex/latex/amsmath/amsmath.sty
Package: amsmath 2016/03/10 v2.15b AMS math features
\@mathmargin=\skip95

For additional information on amsmath, use the `?' option.
(/usr/local/texlive/2016/texmf-dist/tex/latex/amsmath/amsbsy.sty
Package: amsbsy 1999/11/29 v1.2d Bold Symbols
\pmbraise@=\dimen322
)
(/usr/local/texlive/2016/texmf-dist/tex/latex/amsmath/amsopn.sty
Package: amsopn 2016/03/08 v2.02 operator names
)
\inf@bad=\count177
LaTeX Info: Redefining \frac on input line 199.
\uproot@=\count178
\leftroot@=\count179
LaTeX Info: Redefining \overline on input line 297.
\classnum@=\count180
\DOTSCASE@=\count181
LaTeX Info: Redefining \ldots on input line 394.
LaTeX Info: Redefining \dots on input line 397.
LaTeX Info: Redefining \cdots on input line 518.
\Mathstrutbox@=\box90
\strutbox@=\box91
\big@size=\dimen323
LaTeX Font Info:    Redeclaring font encoding OML on input line 634.
LaTeX Font Info:    Redeclaring font encoding OMS on input line 635.
\macc@depth=\count182
\c@MaxMatrixCols=\count183
\dotsspace@=\muskip17
\c@parentequation=\count184
\dspbrk@lvl=\count185
\tag@help=\toks38
\row@=\count186
\column@=\count187
\maxfields@=\count188
\andhelp@=\toks39
\eqnshift@=\dimen324
\alignsep@=\dimen325
\tagshift@=\dimen326
\tagwidth@=\dimen327
\totwidth@=\dimen328
\lineht@=\dimen329
\@envbody=\toks40
\multlinegap=\skip96
\multlinetaggap=\skip97
\mathdisplay@stack=\toks41
LaTeX Info: Redefining \[ on input line 2739.
LaTeX Info: Redefining \] on input line 2740.
)
(/usr/local/texlive/2016/texmf-dist/tex/latex/tools/afterpage.sty
Package: afterpage 2014/10/28 v1.08 After-Page Package (DPC)
\AP@output=\toks42
\AP@partial=\box92
\AP@footins=\box93
)
(/usr/local/texlive/2016/texmf-dist/tex/latex/mhchem/mhchem.sty
Package: mhchem 2016/02/07 v4.04 for typesetting chemical formulae

(/usr/local/texlive/2016/texmf-dist/tex/latex/l3experimental/l3str/l3regex.sty
Package: l3regex 2016/05/14 v6492 L3 Experimental regular expressions

(/usr/local/texlive/2016/texmf-dist/tex/latex/l3experimental/l3str/l3tl-build.s
ty
Package: l3tl-build 2016/05/14 v6492 L3 Experimental token list construction
\l__tl_build_start_index_int=\count189
\l__tl_build_index_int=\count190
)
(/usr/local/texlive/2016/texmf-dist/tex/latex/l3experimental/l3str/l3tl-analysi
s.sty
Package: l3tl-analysis 2016/03/24 v6443 L3 Experimental token lists analysis
\l__tl_analysis_normal_int=\count191
\l__tl_analysis_index_int=\count192
\l__tl_analysis_nesting_int=\count193
\l__tl_analysis_type_int=\count194
)
(/usr/local/texlive/2016/texmf-dist/tex/latex/l3experimental/l3str/l3flag.sty
Package: l3flag 2016/05/14 v6492 L3 Experimental flags
)
(/usr/local/texlive/2016/texmf-dist/tex/latex/l3experimental/l3str/l3str-conver
t.sty
Package: l3str-convert 2016/03/24 v6443 L3 Experimental string encoding convers
ions
\l__str_internal_int=\count195
\c__str_replacement_char_int=\count196
)
\l__regex_internal_a_int=\count197
\l__regex_internal_b_int=\count198
\l__regex_internal_c_int=\count199
\l__regex_balance_int=\count266
\l__regex_group_level_int=\count267
\l__regex_mode_int=\count268
\l__regex_catcodes_int=\count269
\l__regex_default_catcodes_int=\count270
\c__regex_catcode_D_int=\count271
\c__regex_catcode_S_int=\count272
\c__regex_catcode_L_int=\count273
\c__regex_catcode_O_int=\count274
\c__regex_catcode_A_int=\count275
\c__regex_all_catcodes_int=\count276
\l__regex_show_lines_int=\count277
\l__regex_min_state_int=\count278
\l__regex_max_state_int=\count279
\l__regex_left_state_int=\count280
\l__regex_right_state_int=\count281
\l__regex_capturing_group_int=\count282
\l__regex_min_pos_int=\count283
\l__regex_max_pos_int=\count284
\l__regex_current_pos_int=\count285
\l__regex_start_pos_int=\count286
\l__regex_success_pos_int=\count287
\l__regex_current_char_int=\count288
\l__regex_current_catcode_int=\count289
\l__regex_last_char_int=\count290
\l__regex_case_changed_char_int=\count291
\l__regex_current_state_int=\count292
\l__regex_step_int=\count293
\l__regex_min_active_int=\count294
\l__regex_max_active_int=\count295
\l__regex_replacement_csnames_int=\count296
\l__regex_match_count_int=\count297
\l__regex_submatch_int=\count298
\l__regex_zeroth_submatch_int=\count299
)
\l__mhchem_ce_distanceFromLastComma_int=\count300
\__mhchem_arrow_extPgfLength_skip=\skip98
\mhchem@minispace@tmp=\skip99
\mhchem@minibackspace@tmp=\skip100
\mhchem@bondwidth=\skip101
\mhchem@bondheight=\skip102
\mhchem@smallbondwidth@tmpA=\skip103
\mhchem@smallbondwidth@tmpB=\skip104
\mhchem@smallbondwidth=\skip105
\mhchem@bondtmp@minussidebearingleft=\skip106
\mhchem@bondtmp@minussidebearingright=\skip107
\l__mhchem_option_version_int=\count301
\mhchem@option@minusmathsidebearingleft=\dimen330
\mhchem@option@minusmathsidebearingright=\dimen331
\mhchem@option@minustextsidebearingleft=\dimen332
\mhchem@option@minustextsidebearingright=\dimen333
)
(/usr/local/texlive/2016/texmf-dist/tex/latex/fontawesome/fontawesome.sty
Package: fontawesome 2016/05/15 v4.6.3.1 font awesome icons

(/usr/local/texlive/2016/texmf-dist/tex/latex/fontawesome/fontawesomesymbols-ge
neric.tex)
(/usr/local/texlive/2016/texmf-dist/tex/latex/fontawesome/fontawesomesymbols-pd
ftex.tex)) (/usr/local/texlive/2016/texmf-dist/tex/latex/soul/soul.sty
Package: soul 2003/11/17 v2.4 letterspacing/underlining (mf)
\SOUL@word=\toks43
\SOUL@lasttoken=\toks44
\SOUL@cmds=\toks45
\SOUL@buffer=\toks46
\SOUL@token=\toks47
\SOUL@spaceskip=\skip108
\SOUL@ttwidth=\dimen334
\SOUL@uldp=\dimen335
\SOUL@ulht=\dimen336
)
(/usr/local/texlive/2016/texmf-dist/tex/latex/fonttable/fonttable.sty
Package: fonttable 2011/02/13 v1.6b displays a font
\f@tm=\count302
\f@tn=\count303
\f@tp=\count304
\f@tdim=\dimen337
\ftablewidth=\dimen338
\fntcolwidth=\dimen339
)
(/usr/local/texlive/2016/texmf-dist/tex/latex/paracol/paracol.sty
Package: paracol 2015/10/10 v1.32 
\pcol@currcol=\count305
\pcol@nextcol=\count306
\pcol@ncol=\count307
\pcol@ncolleft=\count308
\pcol@page=\count309
\pcol@basepage=\count310
\pcol@toppage=\count311
\pcol@footnotebase=\count312
\pcol@nfootnotes=\count313
\pcol@mcid=\count314
\pcol@prevdepth=\dimen340
\pcol@colht=\dimen341
\pcol@textfloatsep=\dimen342
\pcol@lrmargin=\dimen343
\pagerim=\dimen344
\pcol@topskip=\skip109
\pcol@topfnotes=\box94
\pcol@prespan=\box95
\pcol@rightpage=\box96
\pcol@tempbox=\box97
\pcol@everyvbox=\toks48
)
(/usr/local/texlive/2016/texmf-dist/tex/generic/chemfig/chemfig.sty
(/usr/local/texlive/2016/texmf-dist/tex/generic/chemfig/chemfig.tex
(/usr/local/texlive/2016/texmf-dist/tex/generic/pgf/libraries/pgflibraryarrows.
meta.code.tex
File: pgflibraryarrows.meta.code.tex 2015/05/13 v3.0.1a (rcs-revision 1.13)
\pgfarrowinset=\dimen345
\pgfarrowlength=\dimen346
\pgfarrowwidth=\dimen347
\pgfarrowlinewidth=\dimen348
)
\CF@cnt@atomingroup=\count315
\CF@cnt@groupnumber=\count316
\CF@cnt@atomnumber=\count317
\CF@cnt@cycle=\count318
\CF@dim=\dimen349
\CF@lewis@box=\box98
\CF@box@boxa=\box99
\CF@box@boxb=\box100
\CF@stuff@box=\box101
\CF@unused=\write6
\CF@compound@cnt=\count319
\CF@arrow@size=\dimen350
)
Package: chemfig 2015/12/01 v1.2d Draw molecule with an easy syntax
)
(/usr/local/texlive/2016/texmf-dist/tex/generic/pgf/frontendlayer/tikz/librarie
s/tikzlibrary3d.code.tex
File: tikzlibrary3d.code.tex 2013/07/17 v3.0.1a (rcs-revision 1.2)
)
(/usr/local/texlive/2016/texmf-dist/tex/latex/cutwin/cutwin.sty
Package: cutwin 2010/09/29 v0.1 cutout windows
\c@twwinlines=\count320
\c@twtoplines=\count321
\c@twcnt=\count322
\c@twlftside=\dimen351
\c@twrtside=\dimen352
\c@twtopht=\dimen353
\c@twvsilg=\dimen354
\c@twtoka=\toks49
\c@twtokb=\toks50
\c@twrawtext=\box102
\c@twholdwin=\box103
\c@twwindow=\box104
\c@twfinaltext=\box105
\c@twslicea=\box106
\c@twsliceb=\box107
)
(/usr/local/texlive/2016/texmf-dist/tex/latex/pgfplots/pgfplots.sty
(/usr/local/texlive/2016/texmf-dist/tex/generic/pgfplots/pgfplots.revision.tex)
Package: pgfplots 2016/01/06 v1.13 Data Visualization (1.13)
(/usr/local/texlive/2016/texmf-dist/tex/generic/pgfplots/pgfplots.code.tex
(/usr/local/texlive/2016/texmf-dist/tex/generic/pgfplots/pgfplotscore.code.tex
\t@pgfplots@toka=\toks51
\t@pgfplots@tokb=\toks52
\t@pgfplots@tokc=\toks53
\pgfplots@tmpa=\dimen355
\c@pgfplots@coordindex=\count323
\c@pgfplots@scanlineindex=\count324

(/usr/local/texlive/2016/texmf-dist/tex/generic/pgfplots/sys/pgfplotssysgeneric
.code.tex))
(/usr/local/texlive/2016/texmf-dist/tex/generic/pgfplots/libs/pgfplotslibrary.c
ode.tex)
(/usr/local/texlive/2016/texmf-dist/tex/generic/pgfplots/oldpgfcompatib/pgfplot
soldpgfsupp_loader.code.tex
(/usr/local/texlive/2016/texmf-dist/tex/generic/pgf/libraries/pgflibraryfpu.cod
e.tex)
Package pgfplots: loading complementary arithmetics for your pgf version...

(/usr/local/texlive/2016/texmf-dist/tex/generic/pgfplots/oldpgfcompatib/pgfplot
soldpgfsupp_pgflibraryfpu.code.tex)
(/usr/local/texlive/2016/texmf-dist/tex/generic/pgfplots/oldpgfcompatib/pgfplot
soldpgfsupp_pgfmathfloat.code.tex
\c@pgfmathroundto@lastzeros=\count325
))
(/usr/local/texlive/2016/texmf-dist/tex/generic/pgfplots/util/pgfplotsutil.code
.tex
(/usr/local/texlive/2016/texmf-dist/tex/generic/pgfplots/liststructure/pgfplots
liststructure.code.tex)
(/usr/local/texlive/2016/texmf-dist/tex/generic/pgfplots/liststructure/pgfplots
liststructureext.code.tex)
(/usr/local/texlive/2016/texmf-dist/tex/generic/pgfplots/liststructure/pgfplots
array.code.tex
\c@pgfplotsarray@tmp=\count326
)
(/usr/local/texlive/2016/texmf-dist/tex/generic/pgfplots/liststructure/pgfplots
matrix.code.tex)
(/usr/local/texlive/2016/texmf-dist/tex/generic/pgfplots/numtable/pgfplotstable
shared.code.tex
\c@pgfplotstable@counta=\count327
\t@pgfplotstable@a=\toks54
)
(/usr/local/texlive/2016/texmf-dist/tex/generic/pgfplots/liststructure/pgfplots
deque.code.tex)
(/usr/local/texlive/2016/texmf-dist/tex/generic/pgfplots/util/pgfplotsbinary.co
de.tex
(/usr/local/texlive/2016/texmf-dist/tex/generic/pgfplots/util/pgfplotsbinary.da
ta.code.tex))
(/usr/local/texlive/2016/texmf-dist/tex/generic/pgfplots/util/pgfplotsutil.verb
.code.tex)
(/usr/local/texlive/2016/texmf-dist/tex/generic/pgfplots/libs/pgflibrarypgfplot
s.surfshading.code.tex
\c@pgfplotslibrarysurf@no=\count328

(/usr/local/texlive/2016/texmf-dist/tex/generic/pgfplots/sys/pgflibrarypgfplots
.surfshading.pgfsys-pdftex.def)))
(/usr/local/texlive/2016/texmf-dist/tex/generic/pgfplots/util/pgfplotscolormap.
code.tex
(/usr/local/texlive/2016/texmf-dist/tex/generic/pgfplots/util/pgfplotscolor.cod
e.tex))
(/usr/local/texlive/2016/texmf-dist/tex/generic/pgfplots/pgfplotsstackedplots.c
ode.tex)
(/usr/local/texlive/2016/texmf-dist/tex/generic/pgfplots/pgfplotsplothandlers.c
ode.tex
(/usr/local/texlive/2016/texmf-dist/tex/generic/pgfplots/pgfplotsmeshplothandle
r.code.tex
(/usr/local/texlive/2016/texmf-dist/tex/generic/pgfplots/pgfplotsmeshplotimage.
code.tex)))
(/usr/local/texlive/2016/texmf-dist/tex/generic/pgfplots/pgfplots.scaling.code.
tex)
(/usr/local/texlive/2016/texmf-dist/tex/generic/pgfplots/pgfplotscoordprocessin
g.code.tex)
(/usr/local/texlive/2016/texmf-dist/tex/generic/pgfplots/pgfplots.errorbars.cod
e.tex)
(/usr/local/texlive/2016/texmf-dist/tex/generic/pgfplots/pgfplots.markers.code.
tex)
(/usr/local/texlive/2016/texmf-dist/tex/generic/pgfplots/pgfplotsticks.code.tex
)
(/usr/local/texlive/2016/texmf-dist/tex/generic/pgfplots/pgfplots.paths.code.te
x)
(/usr/local/texlive/2016/texmf-dist/tex/generic/pgf/frontendlayer/tikz/librarie
s/tikzlibrarydecorations.code.tex
(/usr/local/texlive/2016/texmf-dist/tex/generic/pgf/modules/pgfmoduledecoration
s.code.tex
\pgfdecoratedcompleteddistance=\dimen356
\pgfdecoratedremainingdistance=\dimen357
\pgfdecoratedinputsegmentcompleteddistance=\dimen358
\pgfdecoratedinputsegmentremainingdistance=\dimen359
\pgf@decorate@distancetomove=\dimen360
\pgf@decorate@repeatstate=\count329
\pgfdecorationsegmentamplitude=\dimen361
\pgfdecorationsegmentlength=\dimen362
)
\tikz@lib@dec@box=\box108
)
(/usr/local/texlive/2016/texmf-dist/tex/generic/pgf/frontendlayer/tikz/librarie
s/tikzlibrarydecorations.pathmorphing.code.tex
(/usr/local/texlive/2016/texmf-dist/tex/generic/pgf/libraries/decorations/pgfli
brarydecorations.pathmorphing.code.tex))
(/usr/local/texlive/2016/texmf-dist/tex/generic/pgf/frontendlayer/tikz/librarie
s/tikzlibrarydecorations.pathreplacing.code.tex
(/usr/local/texlive/2016/texmf-dist/tex/generic/pgf/libraries/decorations/pgfli
brarydecorations.pathreplacing.code.tex))
\pgfplots@numplots=\count330
\pgfplots@xmin@reg=\dimen363
\pgfplots@xmax@reg=\dimen364
\pgfplots@ymin@reg=\dimen365
\pgfplots@ymax@reg=\dimen366
\pgfplots@zmin@reg=\dimen367
\pgfplots@zmax@reg=\dimen368
)
(/usr/local/texlive/2016/texmf-dist/tex/generic/pgf/frontendlayer/tikz/librarie
s/tikzlibraryplotmarks.code.tex
File: tikzlibraryplotmarks.code.tex 2008/01/09 v3.0.1a (rcs-revision 1.1)

(/usr/local/texlive/2016/texmf-dist/tex/generic/pgf/libraries/pgflibraryplotmar
ks.code.tex
File: pgflibraryplotmarks.code.tex 2015/08/03 v3.0.1a (rcs-revision 1.14)
)))
(/usr/local/texlive/2016/texmf-dist/tex/latex/movie15/movie15.sty
Package: movie15 2012/05/16

(/usr/local/texlive/2016/texmf-dist/tex/latex/oberdiek/ifdraft.sty
Package: ifdraft 2016/05/16 v1.4 Detect class options draft and final (HO)
)
\@MXV@page=\count331
\@MXV@adict=\count332
\@MXV@aadict=\count333
\@MXV@includes=\count334
\@MXV@players=\count335
\@MXV@links=\count336
\@MXV@width=\dimen369
\@MXV@height=\dimen370
\@MXV@depth=\dimen371
\@MXV@totalheight=\dimen372
\@MXV@@boxdepth=\dimen373
\@MXV@traiselen=\dimen374
\@MXV@braiselen=\dimen375
\@MXV@start=\dimen376
\@MXV@end=\dimen377
\@MXV@textbox=\box109
)
Package hyperref Info: Option `colorlinks' set `true' on input line 49.
Package hyperref Info: Option `colorlinks' set `true' on input line 53.

(/usr/local/texlive/2016/texmf-dist/tex/latex/microtype/microtype.sty
Package: microtype 2016/05/14 v2.6a Micro-typographical refinements (RS)
\MT@toks=\toks55
\MT@count=\count337
LaTeX Info: Redefining \textls on input line 774.
\MT@outer@kern=\dimen378
LaTeX Info: Redefining \textmicrotypecontext on input line 1310.
\MT@listname@count=\count338

(/usr/local/texlive/2016/texmf-dist/tex/latex/microtype/microtype-pdftex.def
File: microtype-pdftex.def 2016/05/14 v2.6a Definitions specific to pdftex (RS)

LaTeX Info: Redefining \lsstyle on input line 916.
LaTeX Info: Redefining \lslig on input line 916.
\MT@outer@sp