This is pdfTeX, Version 3.14159265-2.6-1.40.17 (TeX Live 2016) (preloaded format=pdflatex 2016.5.22)  3 SEP 2022 14:16
entering extended mode
 \write18 enabled.
 file:line:error style messages enabled.
 %&-line parsing enabled.
**results
(./results
LaTeX2e <2016/03/31>
Babel <3.9r> and hyphenation patterns for 83 language(s) loaded.

./results:4: LaTeX Error: Missing \begin{document}.

See the LaTeX manual or LaTeX Companion for explanation.
Type  H <return>  for immediate help.
 ...                                              
                                                  
l.4 \begin{center}
                  \begin{tabular}{ x{0.5 cm}x{0.9 cm} x{0.9cm} x{0.9cm} x{0....

? 
./results:4: Emergency stop.
 ...                                              
                                                  
l.4 \begin{center}
                  \begin{tabular}{ x{0.5 cm}x{0.9 cm} x{0.9cm} x{0.9cm} x{0....

You're in trouble here.  Try typing  <return>  to proceed.
If that doesn't work, type  X <return>  to quit.

 
Here is how much of TeX's memory you used:
 6 strings out of 493014
 252 string characters out of 6133351
 53601 words of memory out of 5000000
 3648 multiletter control sequences out of 15000+600000
 3640 words of font info for 14 fonts, out of 8000000 for 9000
 1141 hyphenation exceptions out of 8191
 9i,0n,4p,166b,22s stack positions out of 5000i,500n,10000p,200000b,80000s
./results:4:  ==> Fatal error occurred, no output PDF file produced!
